{"D:\\Project\\WOB_local\\workonblockchain.com\\server\\server.js":{"path":"D:\\Project\\WOB_local\\workonblockchain.com\\server\\server.js","statementMap":{"0":{"start":{"line":1,"column":17},"end":{"line":1,"column":36}},"1":{"start":{"line":2,"column":16},"end":{"line":2,"column":34}},"2":{"start":{"line":3,"column":13},"end":{"line":3,"column":28}},"3":{"start":{"line":4,"column":15},"end":{"line":4,"column":32}},"4":{"start":{"line":5,"column":19},"end":{"line":5,"column":41}},"5":{"start":{"line":6,"column":17},"end":{"line":6,"column":36}},"6":{"start":{"line":8,"column":17},"end":{"line":8,"column":38}},"7":{"start":{"line":9,"column":15},"end":{"line":9,"column":54}},"8":{"start":{"line":10,"column":18},"end":{"line":10,"column":62}},"9":{"start":{"line":11,"column":21},"end":{"line":11,"column":68}},"10":{"start":{"line":12,"column":15},"end":{"line":12,"column":34}},"11":{"start":{"line":13,"column":13},"end":{"line":13,"column":30}},"12":{"start":{"line":15,"column":10},"end":{"line":15,"column":19}},"13":{"start":{"line":17,"column":0},"end":{"line":17,"column":21}},"14":{"start":{"line":19,"column":0},"end":{"line":58,"column":1}},"15":{"start":{"line":20,"column":4},"end":{"line":20,"column":39}},"16":{"start":{"line":22,"column":4},"end":{"line":22,"column":15}},"17":{"start":{"line":24,"column":4},"end":{"line":24,"column":20}},"18":{"start":{"line":26,"column":4},"end":{"line":26,"column":22}},"19":{"start":{"line":27,"column":4},"end":{"line":27,"column":56}},"20":{"start":{"line":28,"column":4},"end":{"line":28,"column":31}},"21":{"start":{"line":30,"column":4},"end":{"line":30,"column":34}},"22":{"start":{"line":32,"column":4},"end":{"line":32,"column":20}},"23":{"start":{"line":34,"column":4},"end":{"line":34,"column":26}},"24":{"start":{"line":36,"column":4},"end":{"line":36,"column":21}},"25":{"start":{"line":38,"column":4},"end":{"line":38,"column":55}},"26":{"start":{"line":40,"column":4},"end":{"line":42,"column":7}},"27":{"start":{"line":41,"column":8},"end":{"line":41,"column":53}},"28":{"start":{"line":44,"column":4},"end":{"line":49,"column":7}},"29":{"start":{"line":45,"column":8},"end":{"line":48,"column":9}},"30":{"start":{"line":46,"column":12},"end":{"line":46,"column":62}},"31":{"start":{"line":47,"column":12},"end":{"line":47,"column":28}},"32":{"start":{"line":51,"column":17},"end":{"line":51,"column":37}},"33":{"start":{"line":53,"column":4},"end":{"line":55,"column":7}},"34":{"start":{"line":54,"column":8},"end":{"line":54,"column":56}},"35":{"start":{"line":57,"column":4},"end":{"line":57,"column":54}}},"fnMap":{"0":{"name":"(anonymous_0)","decl":{"start":{"line":40,"column":39},"end":{"line":40,"column":40}},"loc":{"start":{"line":40,"column":45},"end":{"line":42,"column":5}},"line":40},"1":{"name":"(anonymous_1)","decl":{"start":{"line":44,"column":36},"end":{"line":44,"column":37}},"loc":{"start":{"line":44,"column":47},"end":{"line":49,"column":5}},"line":44},"2":{"name":"(anonymous_2)","decl":{"start":{"line":53,"column":21},"end":{"line":53,"column":22}},"loc":{"start":{"line":53,"column":33},"end":{"line":55,"column":5}},"line":53}},"branchMap":{"0":{"loc":{"start":{"line":45,"column":8},"end":{"line":48,"column":9}},"type":"if","locations":[{"start":{"line":45,"column":8},"end":{"line":48,"column":9}},{"start":{"line":45,"column":8},"end":{"line":48,"column":9}}],"line":45}},"s":{"0":1,"1":1,"2":1,"3":1,"4":1,"5":1,"6":1,"7":1,"8":1,"9":1,"10":1,"11":1,"12":1,"13":1,"14":1,"15":1,"16":1,"17":1,"18":1,"19":1,"20":1,"21":1,"22":1,"23":1,"24":1,"25":1,"26":1,"27":1,"28":1,"29":0,"30":0,"31":0,"32":1,"33":1,"34":1,"35":0},"f":{"0":1,"1":0,"2":1},"b":{"0":[0,0]},"_coverageSchema":"d34fc3e6b8297bcde183f5492bcb8fcb36775295","hash":"fc701488965109da215439225e40aa65a146adc0","contentHash":"5be9fbe2cc0d9ddfdc072d78a25f728e"},"D:\\Project\\WOB_local\\workonblockchain.com\\server\\settings.js":{"path":"D:\\Project\\WOB_local\\workonblockchain.com\\server\\settings.js","statementMap":{"0":{"start":{"line":1,"column":15},"end":{"line":1,"column":17}},"1":{"start":{"line":4,"column":0},"end":{"line":14,"column":1}},"2":{"start":{"line":5,"column":4},"end":{"line":5,"column":40}},"3":{"start":{"line":6,"column":4},"end":{"line":6,"column":49}},"4":{"start":{"line":7,"column":7},"end":{"line":14,"column":1}},"5":{"start":{"line":8,"column":4},"end":{"line":8,"column":37}},"6":{"start":{"line":9,"column":4},"end":{"line":9,"column":46}},"7":{"start":{"line":11,"column":4},"end":{"line":11,"column":34}},"8":{"start":{"line":12,"column":4},"end":{"line":12,"column":34}},"9":{"start":{"line":13,"column":4},"end":{"line":13,"column":46}},"10":{"start":{"line":17,"column":4},"end":{"line":17,"column":86}},"11":{"start":{"line":20,"column":0},"end":{"line":20,"column":47}},"12":{"start":{"line":22,"column":0},"end":{"line":45,"column":1}},"13":{"start":{"line":23,"column":4},"end":{"line":26,"column":37}},"14":{"start":{"line":28,"column":4},"end":{"line":33,"column":5}},"15":{"start":{"line":35,"column":4},"end":{"line":39,"column":6}},"16":{"start":{"line":41,"column":4},"end":{"line":42,"column":62}},"17":{"start":{"line":44,"column":4},"end":{"line":44,"column":80}},"18":{"start":{"line":47,"column":0},"end":{"line":49,"column":2}},"19":{"start":{"line":51,"column":0},"end":{"line":51,"column":55}},"20":{"start":{"line":53,"column":0},"end":{"line":53,"column":47}},"21":{"start":{"line":54,"column":0},"end":{"line":54,"column":64}},"22":{"start":{"line":57,"column":0},"end":{"line":61,"column":1}},"23":{"start":{"line":58,"column":4},"end":{"line":58,"column":28}},"24":{"start":{"line":60,"column":4},"end":{"line":60,"column":30}},"25":{"start":{"line":63,"column":0},"end":{"line":65,"column":2}},"26":{"start":{"line":67,"column":0},"end":{"line":69,"column":2}},"27":{"start":{"line":71,"column":0},"end":{"line":71,"column":26}}},"fnMap":{"0":{"name":"isLiveApplication","decl":{"start":{"line":16,"column":9},"end":{"line":16,"column":26}},"loc":{"start":{"line":16,"column":29},"end":{"line":18,"column":1}},"line":16}},"branchMap":{"0":{"loc":{"start":{"line":4,"column":0},"end":{"line":14,"column":1}},"type":"if","locations":[{"start":{"line":4,"column":0},"end":{"line":14,"column":1}},{"start":{"line":4,"column":0},"end":{"line":14,"column":1}}],"line":4},"1":{"loc":{"start":{"line":7,"column":7},"end":{"line":14,"column":1}},"type":"if","locations":[{"start":{"line":7,"column":7},"end":{"line":14,"column":1}},{"start":{"line":7,"column":7},"end":{"line":14,"column":1}}],"line":7},"2":{"loc":{"start":{"line":17,"column":11},"end":{"line":17,"column":86}},"type":"binary-expr","locations":[{"start":{"line":17,"column":11},"end":{"line":17,"column":48}},{"start":{"line":17,"column":52},"end":{"line":17,"column":86}}],"line":17},"3":{"loc":{"start":{"line":22,"column":0},"end":{"line":45,"column":1}},"type":"if","locations":[{"start":{"line":22,"column":0},"end":{"line":45,"column":1}},{"start":{"line":22,"column":0},"end":{"line":45,"column":1}}],"line":22},"4":{"loc":{"start":{"line":57,"column":0},"end":{"line":61,"column":1}},"type":"if","locations":[{"start":{"line":57,"column":0},"end":{"line":61,"column":1}},{"start":{"line":57,"column":0},"end":{"line":61,"column":1}}],"line":57}},"s":{"0":1,"1":1,"2":0,"3":0,"4":1,"5":0,"6":0,"7":1,"8":1,"9":1,"10":24,"11":1,"12":1,"13":0,"14":0,"15":0,"16":1,"17":1,"18":1,"19":1,"20":1,"21":1,"22":1,"23":0,"24":1,"25":1,"26":1,"27":1},"f":{"0":24},"b":{"0":[0,1],"1":[0,1],"2":[24,24],"3":[0,1],"4":[0,1]},"_coverageSchema":"d34fc3e6b8297bcde183f5492bcb8fcb36775295","hash":"8ecd416754288716462cb15b0b50cb2c55ec5d46","contentHash":"f2e7aab06cc713f4b6c0dbec49be84b6"},"D:\\Project\\WOB_local\\workonblockchain.com\\server\\controller\\services\\logger.js":{"path":"D:\\Project\\WOB_local\\workonblockchain.com\\server\\controller\\services\\logger.js","statementMap":{"0":{"start":{"line":1,"column":17},"end":{"line":1,"column":42}},"1":{"start":{"line":2,"column":16},"end":{"line":2,"column":34}},"2":{"start":{"line":3,"column":23},"end":{"line":3,"column":64}},"3":{"start":{"line":7,"column":0},"end":{"line":18,"column":1}},"4":{"start":{"line":8,"column":22},"end":{"line":13,"column":6}},"5":{"start":{"line":15,"column":4},"end":{"line":17,"column":7}},"6":{"start":{"line":23,"column":0},"end":{"line":72,"column":1}},"7":{"start":{"line":24,"column":4},"end":{"line":36,"column":6}},"8":{"start":{"line":37,"column":7},"end":{"line":72,"column":1}},"9":{"start":{"line":38,"column":4},"end":{"line":50,"column":6}},"10":{"start":{"line":52,"column":4},"end":{"line":71,"column":6}},"11":{"start":{"line":74,"column":0},"end":{"line":74,"column":31}}},"fnMap":{},"branchMap":{"0":{"loc":{"start":{"line":7,"column":0},"end":{"line":18,"column":1}},"type":"if","locations":[{"start":{"line":7,"column":0},"end":{"line":18,"column":1}},{"start":{"line":7,"column":0},"end":{"line":18,"column":1}}],"line":7},"1":{"loc":{"start":{"line":23,"column":0},"end":{"line":72,"column":1}},"type":"if","locations":[{"start":{"line":23,"column":0},"end":{"line":72,"column":1}},{"start":{"line":23,"column":0},"end":{"line":72,"column":1}}],"line":23},"2":{"loc":{"start":{"line":37,"column":7},"end":{"line":72,"column":1}},"type":"if","locations":[{"start":{"line":37,"column":7},"end":{"line":72,"column":1}},{"start":{"line":37,"column":7},"end":{"line":72,"column":1}}],"line":37}},"s":{"0":1,"1":1,"2":1,"3":1,"4":0,"5":0,"6":1,"7":0,"8":1,"9":0,"10":1,"11":1},"f":{},"b":{"0":[0,1],"1":[0,1],"2":[0,1]},"_coverageSchema":"d34fc3e6b8297bcde183f5492bcb8fcb36775295","hash":"445c9e0da462f6356c1aeda57fa5dca7b7efa790","contentHash":"f8e4bf0b60d0d386f967c7cdb018ce6d"},"D:\\Project\\WOB_local\\workonblockchain.com\\server\\controller\\middleware\\sanitizer.js":{"path":"D:\\Project\\WOB_local\\workonblockchain.com\\server\\controller\\middleware\\sanitizer.js","statementMap":{"0":{"start":{"line":1,"column":17},"end":{"line":1,"column":48}},"1":{"start":{"line":4,"column":4},"end":{"line":4,"column":43}},"2":{"start":{"line":7,"column":0},"end":{"line":19,"column":1}},"3":{"start":{"line":8,"column":4},"end":{"line":11,"column":5}},"4":{"start":{"line":9,"column":8},"end":{"line":9,"column":51}},"5":{"start":{"line":10,"column":8},"end":{"line":10,"column":47}},"6":{"start":{"line":12,"column":4},"end":{"line":14,"column":5}},"7":{"start":{"line":13,"column":8},"end":{"line":13,"column":49}},"8":{"start":{"line":15,"column":4},"end":{"line":17,"column":5}},"9":{"start":{"line":16,"column":8},"end":{"line":16,"column":48}},"10":{"start":{"line":18,"column":4},"end":{"line":18,"column":11}}},"fnMap":{"0":{"name":"copyObject","decl":{"start":{"line":3,"column":9},"end":{"line":3,"column":19}},"loc":{"start":{"line":3,"column":25},"end":{"line":5,"column":1}},"line":3},"1":{"name":"middleware","decl":{"start":{"line":7,"column":37},"end":{"line":7,"column":47}},"loc":{"start":{"line":7,"column":64},"end":{"line":19,"column":1}},"line":7}},"branchMap":{"0":{"loc":{"start":{"line":8,"column":4},"end":{"line":11,"column":5}},"type":"if","locations":[{"start":{"line":8,"column":4},"end":{"line":11,"column":5}},{"start":{"line":8,"column":4},"end":{"line":11,"column":5}}],"line":8},"1":{"loc":{"start":{"line":12,"column":4},"end":{"line":14,"column":5}},"type":"if","locations":[{"start":{"line":12,"column":4},"end":{"line":14,"column":5}},{"start":{"line":12,"column":4},"end":{"line":14,"column":5}}],"line":12},"2":{"loc":{"start":{"line":15,"column":4},"end":{"line":17,"column":5}},"type":"if","locations":[{"start":{"line":15,"column":4},"end":{"line":17,"column":5}},{"start":{"line":15,"column":4},"end":{"line":17,"column":5}}],"line":15}},"s":{"0":1,"1":94,"2":1,"3":94,"4":94,"5":94,"6":94,"7":94,"8":94,"9":94,"10":94},"f":{"0":94,"1":94},"b":{"0":[94,0],"1":[94,0],"2":[94,0]},"_coverageSchema":"d34fc3e6b8297bcde183f5492bcb8fcb36775295","hash":"ab5012ad871511345ed2a71e2608a4e594cb27a5","contentHash":"757c2a75d3d3c3680fd005a97ff87a2f"},"D:\\Project\\WOB_local\\workonblockchain.com\\server\\controller\\services\\sanitize.js":{"path":"D:\\Project\\WOB_local\\workonblockchain.com\\server\\controller\\services\\sanitize.js","statementMap":{"0":{"start":{"line":1,"column":22},"end":{"line":1,"column":47}},"1":{"start":{"line":2,"column":20},"end":{"line":2,"column":40}},"2":{"start":{"line":3,"column":25},"end":{"line":3,"column":49}},"3":{"start":{"line":5,"column":0},"end":{"line":19,"column":2}},"4":{"start":{"line":6,"column":4},"end":{"line":18,"column":5}},"5":{"start":{"line":7,"column":8},"end":{"line":7,"column":27}},"6":{"start":{"line":8,"column":8},"end":{"line":10,"column":9}},"7":{"start":{"line":9,"column":12},"end":{"line":9,"column":53}},"8":{"start":{"line":11,"column":8},"end":{"line":11,"column":19}},"9":{"start":{"line":13,"column":8},"end":{"line":17,"column":9}},"10":{"start":{"line":14,"column":12},"end":{"line":14,"column":75}},"11":{"start":{"line":16,"column":12},"end":{"line":16,"column":23}},"12":{"start":{"line":21,"column":0},"end":{"line":23,"column":1}},"13":{"start":{"line":22,"column":4},"end":{"line":22,"column":40}}},"fnMap":{"0":{"name":"recursivelySanitize","decl":{"start":{"line":5,"column":46},"end":{"line":5,"column":65}},"loc":{"start":{"line":5,"column":71},"end":{"line":19,"column":1}},"line":5},"1":{"name":"sanitizeHtml","decl":{"start":{"line":21,"column":39},"end":{"line":21,"column":51}},"loc":{"start":{"line":21,"column":64},"end":{"line":23,"column":1}},"line":21}},"branchMap":{"0":{"loc":{"start":{"line":6,"column":4},"end":{"line":18,"column":5}},"type":"if","locations":[{"start":{"line":6,"column":4},"end":{"line":18,"column":5}},{"start":{"line":6,"column":4},"end":{"line":18,"column":5}}],"line":6},"1":{"loc":{"start":{"line":13,"column":8},"end":{"line":17,"column":9}},"type":"if","locations":[{"start":{"line":13,"column":8},"end":{"line":17,"column":9}},{"start":{"line":13,"column":8},"end":{"line":17,"column":9}}],"line":13},"2":{"loc":{"start":{"line":13,"column":12},"end":{"line":13,"column":60}},"type":"binary-expr","locations":[{"start":{"line":13,"column":12},"end":{"line":13,"column":35}},{"start":{"line":13,"column":39},"end":{"line":13,"column":60}}],"line":13}},"s":{"0":1,"1":1,"2":1,"3":1,"4":1090,"5":338,"6":338,"7":807,"8":338,"9":752,"10":697,"11":55,"12":1,"13":2},"f":{"0":1090,"1":2},"b":{"0":[338,752],"1":[697,55],"2":[752,55]},"_coverageSchema":"d34fc3e6b8297bcde183f5492bcb8fcb36775295","hash":"0c3dc6cb6d6b0c9a691026488845cfd4d70e97ba","contentHash":"15f9470b691488cfbc9568535a49aeb6"},"D:\\Project\\WOB_local\\workonblockchain.com\\server\\controller\\middleware\\errorHandler.js":{"path":"D:\\Project\\WOB_local\\workonblockchain.com\\server\\controller\\middleware\\errorHandler.js","statementMap":{"0":{"start":{"line":1,"column":15},"end":{"line":1,"column":44}},"1":{"start":{"line":2,"column":15},"end":{"line":2,"column":33}},"2":{"start":{"line":4,"column":0},"end":{"line":30,"column":2}},"3":{"start":{"line":5,"column":22},"end":{"line":5,"column":30}},"4":{"start":{"line":6,"column":4},"end":{"line":6,"column":38}},"5":{"start":{"line":7,"column":14},"end":{"line":12,"column":5}},"6":{"start":{"line":14,"column":4},"end":{"line":14,"column":35}},"7":{"start":{"line":16,"column":25},"end":{"line":20,"column":5}},"8":{"start":{"line":22,"column":4},"end":{"line":26,"column":5}},"9":{"start":{"line":23,"column":8},"end":{"line":23,"column":29}},"10":{"start":{"line":25,"column":8},"end":{"line":25,"column":24}},"11":{"start":{"line":27,"column":4},"end":{"line":27,"column":33}},"12":{"start":{"line":28,"column":0},"end":{"line":28,"column":26}},"13":{"start":{"line":29,"column":4},"end":{"line":29,"column":27}}},"fnMap":{"0":{"name":"middleware","decl":{"start":{"line":4,"column":26},"end":{"line":4,"column":36}},"loc":{"start":{"line":4,"column":58},"end":{"line":30,"column":1}},"line":4}},"branchMap":{"0":{"loc":{"start":{"line":22,"column":4},"end":{"line":26,"column":5}},"type":"if","locations":[{"start":{"line":22,"column":4},"end":{"line":26,"column":5}},{"start":{"line":22,"column":4},"end":{"line":26,"column":5}}],"line":22},"1":{"loc":{"start":{"line":22,"column":7},"end":{"line":22,"column":41}},"type":"binary-expr","locations":[{"start":{"line":22,"column":7},"end":{"line":22,"column":22}},{"start":{"line":22,"column":26},"end":{"line":22,"column":41}}],"line":22}},"s":{"0":1,"1":1,"2":1,"3":0,"4":0,"5":0,"6":0,"7":0,"8":0,"9":0,"10":0,"11":0,"12":0,"13":0},"f":{"0":0},"b":{"0":[0,0],"1":[0,0]},"_coverageSchema":"d34fc3e6b8297bcde183f5492bcb8fcb36775295","hash":"c68bf85dc300af1578b62921a3320101fdd2325f","contentHash":"227f956ca0347fb8f4ac2b85008cc415"},"D:\\Project\\WOB_local\\workonblockchain.com\\server\\routes.js":{"path":"D:\\Project\\WOB_local\\workonblockchain.com\\server\\routes.js","statementMap":{"0":{"start":{"line":1,"column":16},"end":{"line":1,"column":34}},"1":{"start":{"line":2,"column":15},"end":{"line":2,"column":31}},"2":{"start":{"line":3,"column":15},"end":{"line":3,"column":56}},"3":{"start":{"line":4,"column":13},"end":{"line":4,"column":52}},"4":{"start":{"line":6,"column":20},"end":{"line":6,"column":70}},"5":{"start":{"line":9,"column":24},"end":{"line":9,"column":86}},"6":{"start":{"line":10,"column":24},"end":{"line":10,"column":85}},"7":{"start":{"line":11,"column":27},"end":{"line":11,"column":91}},"8":{"start":{"line":12,"column":27},"end":{"line":12,"column":91}},"9":{"start":{"line":13,"column":26},"end":{"line":13,"column":89}},"10":{"start":{"line":14,"column":25},"end":{"line":14,"column":87}},"11":{"start":{"line":15,"column":34},"end":{"line":15,"column":99}},"12":{"start":{"line":16,"column":26},"end":{"line":16,"column":90}},"13":{"start":{"line":17,"column":33},"end":{"line":17,"column":103}},"14":{"start":{"line":20,"column":25},"end":{"line":20,"column":93}},"15":{"start":{"line":21,"column":27},"end":{"line":21,"column":97}},"16":{"start":{"line":22,"column":20},"end":{"line":22,"column":83}},"17":{"start":{"line":25,"column":26},"end":{"line":25,"column":89}},"18":{"start":{"line":26,"column":24},"end":{"line":26,"column":85}},"19":{"start":{"line":27,"column":28},"end":{"line":27,"column":93}},"20":{"start":{"line":28,"column":23},"end":{"line":28,"column":83}},"21":{"start":{"line":29,"column":26},"end":{"line":29,"column":92}},"22":{"start":{"line":30,"column":24},"end":{"line":30,"column":92}},"23":{"start":{"line":31,"column":29},"end":{"line":31,"column":96}},"24":{"start":{"line":32,"column":34},"end":{"line":32,"column":106}},"25":{"start":{"line":33,"column":27},"end":{"line":33,"column":92}},"26":{"start":{"line":34,"column":30},"end":{"line":34,"column":98}},"27":{"start":{"line":35,"column":27},"end":{"line":35,"column":107}},"28":{"start":{"line":39,"column":24},"end":{"line":39,"column":90}},"29":{"start":{"line":40,"column":19},"end":{"line":40,"column":82}},"30":{"start":{"line":41,"column":26},"end":{"line":41,"column":96}},"31":{"start":{"line":42,"column":21},"end":{"line":42,"column":79}},"32":{"start":{"line":43,"column":22},"end":{"line":43,"column":88}},"33":{"start":{"line":44,"column":27},"end":{"line":44,"column":92}},"34":{"start":{"line":45,"column":25},"end":{"line":45,"column":98}},"35":{"start":{"line":46,"column":28},"end":{"line":46,"column":104}},"36":{"start":{"line":47,"column":40},"end":{"line":47,"column":127}},"37":{"start":{"line":48,"column":41},"end":{"line":48,"column":137}},"38":{"start":{"line":51,"column":25},"end":{"line":51,"column":81}},"39":{"start":{"line":52,"column":20},"end":{"line":52,"column":71}},"40":{"start":{"line":53,"column":24},"end":{"line":53,"column":79}},"41":{"start":{"line":54,"column":26},"end":{"line":54,"column":91}},"42":{"start":{"line":55,"column":24},"end":{"line":55,"column":83}},"43":{"start":{"line":56,"column":26},"end":{"line":56,"column":83}},"44":{"start":{"line":57,"column":29},"end":{"line":57,"column":89}},"45":{"start":{"line":58,"column":23},"end":{"line":58,"column":81}},"46":{"start":{"line":59,"column":29},"end":{"line":59,"column":89}},"47":{"start":{"line":60,"column":23},"end":{"line":60,"column":81}},"48":{"start":{"line":61,"column":39},"end":{"line":61,"column":109}},"49":{"start":{"line":62,"column":27},"end":{"line":62,"column":89}},"50":{"start":{"line":65,"column":31},"end":{"line":65,"column":106}},"51":{"start":{"line":66,"column":31},"end":{"line":66,"column":105}},"52":{"start":{"line":67,"column":36},"end":{"line":67,"column":115}},"53":{"start":{"line":68,"column":33},"end":{"line":68,"column":113}},"54":{"start":{"line":69,"column":25},"end":{"line":69,"column":88}},"55":{"start":{"line":70,"column":29},"end":{"line":70,"column":96}},"56":{"start":{"line":71,"column":26},"end":{"line":71,"column":91}},"57":{"start":{"line":74,"column":24},"end":{"line":74,"column":79}},"58":{"start":{"line":76,"column":0},"end":{"line":76,"column":29}},"59":{"start":{"line":79,"column":0},"end":{"line":79,"column":52}},"60":{"start":{"line":80,"column":0},"end":{"line":80,"column":62}},"61":{"start":{"line":81,"column":0},"end":{"line":81,"column":64}},"62":{"start":{"line":82,"column":0},"end":{"line":82,"column":73}},"63":{"start":{"line":83,"column":0},"end":{"line":83,"column":61}},"64":{"start":{"line":84,"column":0},"end":{"line":84,"column":60}},"65":{"start":{"line":85,"column":0},"end":{"line":85,"column":87}},"66":{"start":{"line":86,"column":0},"end":{"line":86,"column":72}},"67":{"start":{"line":87,"column":0},"end":{"line":87,"column":79}},"68":{"start":{"line":90,"column":0},"end":{"line":90,"column":58}},"69":{"start":{"line":91,"column":0},"end":{"line":91,"column":64}},"70":{"start":{"line":92,"column":0},"end":{"line":92,"column":60}},"71":{"start":{"line":95,"column":0},"end":{"line":95,"column":50}},"72":{"start":{"line":96,"column":0},"end":{"line":96,"column":55}},"73":{"start":{"line":97,"column":0},"end":{"line":97,"column":72}},"74":{"start":{"line":98,"column":0},"end":{"line":98,"column":72}},"75":{"start":{"line":99,"column":0},"end":{"line":99,"column":74}},"76":{"start":{"line":100,"column":0},"end":{"line":100,"column":70}},"77":{"start":{"line":101,"column":0},"end":{"line":101,"column":76}},"78":{"start":{"line":102,"column":0},"end":{"line":102,"column":77}},"79":{"start":{"line":103,"column":0},"end":{"line":103,"column":85}},"80":{"start":{"line":104,"column":0},"end":{"line":104,"column":68}},"81":{"start":{"line":105,"column":0},"end":{"line":105,"column":70}},"82":{"start":{"line":108,"column":0},"end":{"line":108,"column":55}},"83":{"start":{"line":109,"column":0},"end":{"line":109,"column":57}},"84":{"start":{"line":110,"column":0},"end":{"line":110,"column":77}},"85":{"start":{"line":111,"column":0},"end":{"line":111,"column":70}},"86":{"start":{"line":112,"column":0},"end":{"line":112,"column":71}},"87":{"start":{"line":113,"column":0},"end":{"line":113,"column":91}},"88":{"start":{"line":114,"column":0},"end":{"line":114,"column":75}},"89":{"start":{"line":115,"column":0},"end":{"line":115,"column":70}},"90":{"start":{"line":116,"column":0},"end":{"line":116,"column":94}},"91":{"start":{"line":117,"column":0},"end":{"line":117,"column":92}},"92":{"start":{"line":120,"column":0},"end":{"line":120,"column":74}},"93":{"start":{"line":121,"column":0},"end":{"line":121,"column":72}},"94":{"start":{"line":122,"column":0},"end":{"line":122,"column":69}},"95":{"start":{"line":123,"column":0},"end":{"line":123,"column":74}},"96":{"start":{"line":124,"column":0},"end":{"line":124,"column":60}},"97":{"start":{"line":125,"column":0},"end":{"line":125,"column":101}},"98":{"start":{"line":126,"column":0},"end":{"line":126,"column":72}},"99":{"start":{"line":127,"column":0},"end":{"line":127,"column":80}},"100":{"start":{"line":128,"column":0},"end":{"line":128,"column":86}},"101":{"start":{"line":129,"column":0},"end":{"line":129,"column":82}},"102":{"start":{"line":130,"column":0},"end":{"line":130,"column":108}},"103":{"start":{"line":131,"column":0},"end":{"line":131,"column":76}},"104":{"start":{"line":134,"column":0},"end":{"line":134,"column":68}},"105":{"start":{"line":135,"column":0},"end":{"line":135,"column":82}},"106":{"start":{"line":136,"column":0},"end":{"line":136,"column":77}},"107":{"start":{"line":137,"column":0},"end":{"line":137,"column":81}},"108":{"start":{"line":138,"column":0},"end":{"line":138,"column":91}},"109":{"start":{"line":139,"column":0},"end":{"line":139,"column":82}},"110":{"start":{"line":140,"column":0},"end":{"line":140,"column":97}},"111":{"start":{"line":143,"column":0},"end":{"line":143,"column":63}},"112":{"start":{"line":145,"column":0},"end":{"line":145,"column":24}}},"fnMap":{},"branchMap":{},"s":{"0":1,"1":1,"2":1,"3":1,"4":1,"5":1,"6":1,"7":1,"8":1,"9":1,"10":1,"11":1,"12":1,"13":1,"14":1,"15":1,"16":1,"17":1,"18":1,"19":1,"20":1,"21":1,"22":1,"23":1,"24":1,"25":1,"26":1,"27":1,"28":1,"29":1,"30":1,"31":1,"32":1,"33":1,"34":1,"35":1,"36":1,"37":1,"38":1,"39":1,"40":1,"41":1,"42":1,"43":1,"44":1,"45":1,"46":1,"47":1,"48":1,"49":1,"50":1,"51":1,"52":1,"53":1,"54":1,"55":1,"56":1,"57":1,"58":1,"59":1,"60":1,"61":1,"62":1,"63":1,"64":1,"65":1,"66":1,"67":1,"68":1,"69":1,"70":1,"71":1,"72":1,"73":1,"74":1,"75":1,"76":1,"77":1,"78":1,"79":1,"80":1,"81":1,"82":1,"83":1,"84":1,"85":1,"86":1,"87":1,"88":1,"89":1,"90":1,"91":1,"92":1,"93":1,"94":1,"95":1,"96":1,"97":1,"98":1,"99":1,"100":1,"101":1,"102":1,"103":1,"104":1,"105":1,"106":1,"107":1,"108":1,"109":1,"110":1,"111":1,"112":1},"f":{},"b":{},"_coverageSchema":"d34fc3e6b8297bcde183f5492bcb8fcb36775295","hash":"9bfdda29fc91f8b3dcba152b3c1a8b61eedc8eb7","contentHash":"728f5b91f5ae0cf83cca59fcecfa5255"},"D:\\Project\\WOB_local\\workonblockchain.com\\server\\controller\\middleware\\multer.js":{"path":"D:\\Project\\WOB_local\\workonblockchain.com\\server\\controller\\middleware\\multer.js","statementMap":{"0":{"start":{"line":1,"column":15},"end":{"line":1,"column":32}},"1":{"start":{"line":2,"column":17},"end":{"line":2,"column":37}},"2":{"start":{"line":3,"column":12},"end":{"line":3,"column":30}},"3":{"start":{"line":4,"column":17},"end":{"line":4,"column":42}},"4":{"start":{"line":5,"column":17},"end":{"line":5,"column":48}},"5":{"start":{"line":6,"column":15},"end":{"line":6,"column":44}},"6":{"start":{"line":10,"column":0},"end":{"line":46,"column":1}},"7":{"start":{"line":11,"column":4},"end":{"line":11,"column":53}},"8":{"start":{"line":13,"column":4},"end":{"line":17,"column":7}},"9":{"start":{"line":19,"column":13},"end":{"line":19,"column":25}},"10":{"start":{"line":21,"column":4},"end":{"line":31,"column":7}},"11":{"start":{"line":26,"column":16},"end":{"line":26,"column":51}},"12":{"start":{"line":27,"column":37},"end":{"line":27,"column":84}},"13":{"start":{"line":28,"column":16},"end":{"line":28,"column":86}},"14":{"start":{"line":33,"column":4},"end":{"line":33,"column":63}},"15":{"start":{"line":35,"column":4},"end":{"line":45,"column":7}},"16":{"start":{"line":38,"column":16},"end":{"line":38,"column":35}},"17":{"start":{"line":41,"column":37},"end":{"line":41,"column":84}},"18":{"start":{"line":42,"column":16},"end":{"line":42,"column":62}},"19":{"start":{"line":48,"column":0},"end":{"line":48,"column":27}}},"fnMap":{"0":{"name":"(anonymous_0)","decl":{"start":{"line":25,"column":17},"end":{"line":25,"column":18}},"loc":{"start":{"line":25,"column":42},"end":{"line":29,"column":13}},"line":25},"1":{"name":"(anonymous_1)","decl":{"start":{"line":37,"column":25},"end":{"line":37,"column":26}},"loc":{"start":{"line":37,"column":50},"end":{"line":39,"column":13}},"line":37},"2":{"name":"(anonymous_2)","decl":{"start":{"line":40,"column":22},"end":{"line":40,"column":23}},"loc":{"start":{"line":40,"column":47},"end":{"line":43,"column":13}},"line":40}},"branchMap":{"0":{"loc":{"start":{"line":10,"column":0},"end":{"line":46,"column":1}},"type":"if","locations":[{"start":{"line":10,"column":0},"end":{"line":46,"column":1}},{"start":{"line":10,"column":0},"end":{"line":46,"column":1}}],"line":10},"1":{"loc":{"start":{"line":10,"column":4},"end":{"line":10,"column":79}},"type":"binary-expr","locations":[{"start":{"line":10,"column":4},"end":{"line":10,"column":41}},{"start":{"line":10,"column":45},"end":{"line":10,"column":79}}],"line":10}},"s":{"0":1,"1":1,"2":1,"3":1,"4":1,"5":1,"6":1,"7":0,"8":0,"9":0,"10":0,"11":0,"12":0,"13":0,"14":1,"15":1,"16":1,"17":1,"18":1,"19":1},"f":{"0":0,"1":1,"2":1},"b":{"0":[0,1],"1":[1,1]},"_coverageSchema":"d34fc3e6b8297bcde183f5492bcb8fcb36775295","hash":"72b97aee10b14a08697b325f9efd22ac5e2bb6fc","contentHash":"bf2caae9e121d2cea1a4aecb3ec933c7"},"D:\\Project\\WOB_local\\workonblockchain.com\\server\\controller\\middleware\\auth.js":{"path":"D:\\Project\\WOB_local\\workonblockchain.com\\server\\controller\\middleware\\auth.js","statementMap":{"0":{"start":{"line":1,"column":17},"end":{"line":1,"column":48}},"1":{"start":{"line":2,"column":22},"end":{"line":2,"column":50}},"2":{"start":{"line":3,"column":24},"end":{"line":3,"column":52}},"3":{"start":{"line":4,"column":15},"end":{"line":4,"column":44}},"4":{"start":{"line":8,"column":16},"end":{"line":8,"column":41}},"5":{"start":{"line":9,"column":18},"end":{"line":9,"column":48}},"6":{"start":{"line":11,"column":14},"end":{"line":11,"column":61}},"7":{"start":{"line":13,"column":4},"end":{"line":13,"column":80}},"8":{"start":{"line":13,"column":34},"end":{"line":13,"column":80}},"9":{"start":{"line":15,"column":4},"end":{"line":17,"column":6}},"10":{"start":{"line":21,"column":0},"end":{"line":24,"column":3}},"11":{"start":{"line":22,"column":4},"end":{"line":22,"column":32}},"12":{"start":{"line":23,"column":4},"end":{"line":23,"column":11}},"13":{"start":{"line":26,"column":0},"end":{"line":30,"column":3}},"14":{"start":{"line":27,"column":4},"end":{"line":27,"column":32}},"15":{"start":{"line":28,"column":4},"end":{"line":28,"column":85}},"16":{"start":{"line":28,"column":38},"end":{"line":28,"column":85}},"17":{"start":{"line":29,"column":4},"end":{"line":29,"column":11}},"18":{"start":{"line":32,"column":0},"end":{"line":38,"column":3}},"19":{"start":{"line":33,"column":4},"end":{"line":33,"column":32}},"20":{"start":{"line":34,"column":15},"end":{"line":34,"column":28}},"21":{"start":{"line":35,"column":4},"end":{"line":35,"column":77}},"22":{"start":{"line":35,"column":30},"end":{"line":35,"column":77}},"23":{"start":{"line":36,"column":4},"end":{"line":36,"column":81}},"24":{"start":{"line":36,"column":32},"end":{"line":36,"column":81}},"25":{"start":{"line":37,"column":4},"end":{"line":37,"column":11}},"26":{"start":{"line":40,"column":0},"end":{"line":50,"column":3}},"27":{"start":{"line":41,"column":4},"end":{"line":41,"column":32}},"28":{"start":{"line":42,"column":15},"end":{"line":42,"column":28}},"29":{"start":{"line":43,"column":4},"end":{"line":43,"column":22}},"30":{"start":{"line":44,"column":4},"end":{"line":44,"column":81}},"31":{"start":{"line":44,"column":33},"end":{"line":44,"column":81}},"32":{"start":{"line":45,"column":4},"end":{"line":45,"column":77}},"33":{"start":{"line":45,"column":30},"end":{"line":45,"column":77}},"34":{"start":{"line":46,"column":4},"end":{"line":46,"column":81}},"35":{"start":{"line":46,"column":32},"end":{"line":46,"column":81}},"36":{"start":{"line":47,"column":4},"end":{"line":47,"column":93}},"37":{"start":{"line":47,"column":40},"end":{"line":47,"column":93}},"38":{"start":{"line":49,"column":4},"end":{"line":49,"column":11}},"39":{"start":{"line":52,"column":0},"end":{"line":60,"column":3}},"40":{"start":{"line":53,"column":4},"end":{"line":53,"column":32}},"41":{"start":{"line":54,"column":15},"end":{"line":54,"column":28}},"42":{"start":{"line":55,"column":4},"end":{"line":55,"column":85}},"43":{"start":{"line":55,"column":35},"end":{"line":55,"column":85}},"44":{"start":{"line":56,"column":4},"end":{"line":56,"column":77}},"45":{"start":{"line":56,"column":30},"end":{"line":56,"column":77}},"46":{"start":{"line":57,"column":4},"end":{"line":57,"column":81}},"47":{"start":{"line":57,"column":32},"end":{"line":57,"column":81}},"48":{"start":{"line":58,"column":4},"end":{"line":58,"column":93}},"49":{"start":{"line":58,"column":40},"end":{"line":58,"column":93}},"50":{"start":{"line":59,"column":4},"end":{"line":59,"column":11}}},"fnMap":{"0":{"name":"getUserFromToken","decl":{"start":{"line":6,"column":15},"end":{"line":6,"column":31}},"loc":{"start":{"line":6,"column":37},"end":{"line":19,"column":1}},"line":6},"1":{"name":"isLoggedIn","decl":{"start":{"line":21,"column":59},"end":{"line":21,"column":69}},"loc":{"start":{"line":21,"column":86},"end":{"line":24,"column":1}},"line":21},"2":{"name":"(anonymous_2)","decl":{"start":{"line":26,"column":41},"end":{"line":26,"column":42}},"loc":{"start":{"line":26,"column":73},"end":{"line":30,"column":1}},"line":26},"3":{"name":"isValidUser","decl":{"start":{"line":32,"column":60},"end":{"line":32,"column":71}},"loc":{"start":{"line":32,"column":88},"end":{"line":38,"column":1}},"line":32},"4":{"name":"isValidCompany","decl":{"start":{"line":40,"column":63},"end":{"line":40,"column":77}},"loc":{"start":{"line":40,"column":94},"end":{"line":50,"column":1}},"line":40},"5":{"name":"isValidCandidate","decl":{"start":{"line":52,"column":65},"end":{"line":52,"column":81}},"loc":{"start":{"line":52,"column":98},"end":{"line":60,"column":1}},"line":52}},"branchMap":{"0":{"loc":{"start":{"line":13,"column":4},"end":{"line":13,"column":80}},"type":"if","locations":[{"start":{"line":13,"column":4},"end":{"line":13,"column":80}},{"start":{"line":13,"column":4},"end":{"line":13,"column":80}}],"line":13},"1":{"loc":{"start":{"line":28,"column":4},"end":{"line":28,"column":85}},"type":"if","locations":[{"start":{"line":28,"column":4},"end":{"line":28,"column":85}},{"start":{"line":28,"column":4},"end":{"line":28,"column":85}}],"line":28},"2":{"loc":{"start":{"line":35,"column":4},"end":{"line":35,"column":77}},"type":"if","locations":[{"start":{"line":35,"column":4},"end":{"line":35,"column":77}},{"start":{"line":35,"column":4},"end":{"line":35,"column":77}}],"line":35},"3":{"loc":{"start":{"line":36,"column":4},"end":{"line":36,"column":81}},"type":"if","locations":[{"start":{"line":36,"column":4},"end":{"line":36,"column":81}},{"start":{"line":36,"column":4},"end":{"line":36,"column":81}}],"line":36},"4":{"loc":{"start":{"line":44,"column":4},"end":{"line":44,"column":81}},"type":"if","locations":[{"start":{"line":44,"column":4},"end":{"line":44,"column":81}},{"start":{"line":44,"column":4},"end":{"line":44,"column":81}}],"line":44},"5":{"loc":{"start":{"line":45,"column":4},"end":{"line":45,"column":77}},"type":"if","locations":[{"start":{"line":45,"column":4},"end":{"line":45,"column":77}},{"start":{"line":45,"column":4},"end":{"line":45,"column":77}}],"line":45},"6":{"loc":{"start":{"line":46,"column":4},"end":{"line":46,"column":81}},"type":"if","locations":[{"start":{"line":46,"column":4},"end":{"line":46,"column":81}},{"start":{"line":46,"column":4},"end":{"line":46,"column":81}}],"line":46},"7":{"loc":{"start":{"line":47,"column":4},"end":{"line":47,"column":93}},"type":"if","locations":[{"start":{"line":47,"column":4},"end":{"line":47,"column":93}},{"start":{"line":47,"column":4},"end":{"line":47,"column":93}}],"line":47},"8":{"loc":{"start":{"line":55,"column":4},"end":{"line":55,"column":85}},"type":"if","locations":[{"start":{"line":55,"column":4},"end":{"line":55,"column":85}},{"start":{"line":55,"column":4},"end":{"line":55,"column":85}}],"line":55},"9":{"loc":{"start":{"line":56,"column":4},"end":{"line":56,"column":77}},"type":"if","locations":[{"start":{"line":56,"column":4},"end":{"line":56,"column":77}},{"start":{"line":56,"column":4},"end":{"line":56,"column":77}}],"line":56},"10":{"loc":{"start":{"line":57,"column":4},"end":{"line":57,"column":81}},"type":"if","locations":[{"start":{"line":57,"column":4},"end":{"line":57,"column":81}},{"start":{"line":57,"column":4},"end":{"line":57,"column":81}}],"line":57},"11":{"loc":{"start":{"line":58,"column":4},"end":{"line":58,"column":93}},"type":"if","locations":[{"start":{"line":58,"column":4},"end":{"line":58,"column":93}},{"start":{"line":58,"column":4},"end":{"line":58,"column":93}}],"line":58}},"s":{"0":1,"1":1,"2":1,"3":1,"4":47,"5":47,"6":47,"7":47,"8":0,"9":47,"10":1,"11":21,"12":21,"13":1,"14":5,"15":5,"16":0,"17":5,"18":1,"19":19,"20":19,"21":19,"22":0,"23":19,"24":0,"25":19,"26":1,"27":0,"28":0,"29":0,"30":0,"31":0,"32":0,"33":0,"34":0,"35":0,"36":0,"37":0,"38":0,"39":1,"40":2,"41":2,"42":2,"43":0,"44":2,"45":0,"46":2,"47":0,"48":2,"49":0,"50":2},"f":{"0":47,"1":21,"2":5,"3":19,"4":0,"5":2},"b":{"0":[0,47],"1":[0,5],"2":[0,19],"3":[0,19],"4":[0,0],"5":[0,0],"6":[0,0],"7":[0,0],"8":[0,2],"9":[0,2],"10":[0,2],"11":[0,2]},"_coverageSchema":"d34fc3e6b8297bcde183f5492bcb8fcb36775295","hash":"94a1aa62f99a333220ea5602a2116bdf3deccf63","contentHash":"77b373173b38e8042e4b90999d564127"},"D:\\Project\\WOB_local\\workonblockchain.com\\server\\controller\\services\\jwtToken.js":{"path":"D:\\Project\\WOB_local\\workonblockchain.com\\server\\controller\\services\\jwtToken.js","statementMap":{"0":{"start":{"line":1,"column":12},"end":{"line":1,"column":35}},"1":{"start":{"line":2,"column":17},"end":{"line":2,"column":42}},"2":{"start":{"line":4,"column":0},"end":{"line":11,"column":2}},"3":{"start":{"line":5,"column":18},"end":{"line":9,"column":5}},"4":{"start":{"line":10,"column":4},"end":{"line":10,"column":58}},"5":{"start":{"line":13,"column":0},"end":{"line":15,"column":2}},"6":{"start":{"line":14,"column":4},"end":{"line":14,"column":58}}},"fnMap":{"0":{"name":"createJwtToken","decl":{"start":{"line":4,"column":41},"end":{"line":4,"column":55}},"loc":{"start":{"line":4,"column":62},"end":{"line":11,"column":1}},"line":4},"1":{"name":"verifyJwtToken","decl":{"start":{"line":13,"column":41},"end":{"line":13,"column":55}},"loc":{"start":{"line":13,"column":63},"end":{"line":15,"column":1}},"line":13}},"branchMap":{},"s":{"0":1,"1":1,"2":1,"3":43,"4":43,"5":1,"6":47},"f":{"0":43,"1":47},"b":{},"_coverageSchema":"d34fc3e6b8297bcde183f5492bcb8fcb36775295","hash":"57a8ee8645cbb07df646626f11528b1ecb167b92","contentHash":"52534b319716c514c1db0b85cc39df61"},"D:\\Project\\WOB_local\\workonblockchain.com\\server\\model\\users.js":{"path":"D:\\Project\\WOB_local\\workonblockchain.com\\server\\model\\users.js","statementMap":{"0":{"start":{"line":1,"column":17},"end":{"line":1,"column":36}},"1":{"start":{"line":2,"column":16},"end":{"line":2,"column":36}},"2":{"start":{"line":4,"column":15},"end":{"line":4,"column":30}},"3":{"start":{"line":6,"column":19},"end":{"line":96,"column":2}},"4":{"start":{"line":98,"column":0},"end":{"line":98,"column":52}}},"fnMap":{},"branchMap":{},"s":{"0":1,"1":1,"2":1,"3":1,"4":1},"f":{},"b":{},"_coverageSchema":"d34fc3e6b8297bcde183f5492bcb8fcb36775295","hash":"b6a85882770b89f44d96e7fdb6faeac7b1b79791","contentHash":"ff8c2a305d4bef42f85bbe958ab2230e"},"D:\\Project\\WOB_local\\workonblockchain.com\\server\\model\\regexes.js":{"path":"D:\\Project\\WOB_local\\workonblockchain.com\\server\\model\\regexes.js","statementMap":{"0":{"start":{"line":2,"column":0},"end":{"line":2,"column":142}},"1":{"start":{"line":4,"column":0},"end":{"line":4,"column":175}}},"fnMap":{},"branchMap":{},"s":{"0":1,"1":1},"f":{},"b":{},"_coverageSchema":"d34fc3e6b8297bcde183f5492bcb8fcb36775295","hash":"8dd0be82c0ba61748efab82c8d55d8e81cd93770","contentHash":"c16778a20a60517de66e0c3c57e0ba98"},"D:\\Project\\WOB_local\\workonblockchain.com\\server\\controller\\middleware\\asyncMiddleware.js":{"path":"D:\\Project\\WOB_local\\workonblockchain.com\\server\\controller\\middleware\\asyncMiddleware.js","statementMap":{"0":{"start":{"line":1,"column":0},"end":{"line":4,"column":6}},"1":{"start":{"line":2,"column":4},"end":{"line":4,"column":5}},"2":{"start":{"line":3,"column":8},"end":{"line":3,"column":56}}},"fnMap":{"0":{"name":"(anonymous_0)","decl":{"start":{"line":1,"column":17},"end":{"line":1,"column":18}},"loc":{"start":{"line":2,"column":4},"end":{"line":4,"column":5}},"line":2},"1":{"name":"(anonymous_1)","decl":{"start":{"line":2,"column":4},"end":{"line":2,"column":5}},"loc":{"start":{"line":2,"column":24},"end":{"line":4,"column":5}},"line":2}},"branchMap":{},"s":{"0":1,"1":5,"2":47},"f":{"0":5,"1":47},"b":{},"_coverageSchema":"d34fc3e6b8297bcde183f5492bcb8fcb36775295","hash":"f3ede90c8529ffb9a36fffe2c3b05d81b5ad3127","contentHash":"9ce01effcfe807a34e1466614265f382"},"D:\\Project\\WOB_local\\workonblockchain.com\\server\\controller\\services\\errors.js":{"path":"D:\\Project\\WOB_local\\workonblockchain.com\\server\\controller\\services\\errors.js","statementMap":{"0":{"start":{"line":1,"column":0},"end":{"line":7,"column":1}},"1":{"start":{"line":2,"column":16},"end":{"line":2,"column":34}},"2":{"start":{"line":3,"column":4},"end":{"line":5,"column":5}},"3":{"start":{"line":4,"column":8},"end":{"line":4,"column":26}},"4":{"start":{"line":6,"column":4},"end":{"line":6,"column":16}}},"fnMap":{"0":{"name":"throwError","decl":{"start":{"line":1,"column":37},"end":{"line":1,"column":47}},"loc":{"start":{"line":1,"column":63},"end":{"line":7,"column":1}},"line":1}},"branchMap":{"0":{"loc":{"start":{"line":3,"column":4},"end":{"line":5,"column":5}},"type":"if","locations":[{"start":{"line":3,"column":4},"end":{"line":5,"column":5}},{"start":{"line":3,"column":4},"end":{"line":5,"column":5}}],"line":3}},"s":{"0":1,"1":0,"2":0,"3":0,"4":0},"f":{"0":0},"b":{"0":[0,0]},"_coverageSchema":"d34fc3e6b8297bcde183f5492bcb8fcb36775295","hash":"7ef0689e2afe33d94e9d068ef6630e2834cb6055","contentHash":"18c9fd284ad6a175521c15328115bdd6"},"D:\\Project\\WOB_local\\workonblockchain.com\\server\\controller\\api\\healthCheck.controller.js":{"path":"D:\\Project\\WOB_local\\workonblockchain.com\\server\\controller\\api\\healthCheck.controller.js","statementMap":{"0":{"start":{"line":1,"column":16},"end":{"line":1,"column":60}},"1":{"start":{"line":3,"column":0},"end":{"line":9,"column":1}},"2":{"start":{"line":4,"column":3},"end":{"line":8,"column":7}}},"fnMap":{"0":{"name":"healthCheck","decl":{"start":{"line":3,"column":26},"end":{"line":3,"column":37}},"loc":{"start":{"line":3,"column":48},"end":{"line":9,"column":1}},"line":3}},"branchMap":{},"s":{"0":1,"1":1,"2":1},"f":{"0":1},"b":{},"_coverageSchema":"d34fc3e6b8297bcde183f5492bcb8fcb36775295","hash":"481efba603d339bf34cde20f459b4c8b81e7fa7f","contentHash":"42ffe276ca2ec0783c5f3af468697a20"},"D:\\Project\\WOB_local\\workonblockchain.com\\server\\controller\\api\\users\\auth\\authenticate.controller.js":{"path":"D:\\Project\\WOB_local\\workonblockchain.com\\server\\controller\\api\\users\\auth\\authenticate.controller.js","statementMap":{"0":{"start":{"line":1,"column":15},"end":{"line":1,"column":34}},"1":{"start":{"line":2,"column":14},"end":{"line":2,"column":48}},"2":{"start":{"line":3,"column":25},"end":{"line":3,"column":71}},"3":{"start":{"line":4,"column":24},"end":{"line":4,"column":69}},"4":{"start":{"line":5,"column":10},"end":{"line":5,"column":22}},"5":{"start":{"line":6,"column":17},"end":{"line":6,"column":54}},"6":{"start":{"line":7,"column":15},"end":{"line":7,"column":32}},"7":{"start":{"line":8,"column":15},"end":{"line":8,"column":50}},"8":{"start":{"line":10,"column":0},"end":{"line":28,"column":1}},"9":{"start":{"line":11,"column":4},"end":{"line":27,"column":11}},"10":{"start":{"line":13,"column":8},"end":{"line":22,"column":9}},"11":{"start":{"line":16,"column":12},"end":{"line":16,"column":27}},"12":{"start":{"line":21,"column":12},"end":{"line":21,"column":65}},"13":{"start":{"line":26,"column":12},"end":{"line":26,"column":35}},"14":{"start":{"line":32,"column":19},"end":{"line":32,"column":28}},"15":{"start":{"line":34,"column":4},"end":{"line":159,"column":7}},"16":{"start":{"line":37,"column":8},"end":{"line":37,"column":64}},"17":{"start":{"line":37,"column":17},"end":{"line":37,"column":64}},"18":{"start":{"line":39,"column":8},"end":{"line":158,"column":9}},"19":{"start":{"line":41,"column":20},"end":{"line":41,"column":58}},"20":{"start":{"line":42,"column":9},"end":{"line":42,"column":31}},"21":{"start":{"line":43,"column":37},"end":{"line":43,"column":55}},"22":{"start":{"line":45,"column":9},"end":{"line":152,"column":10}},"23":{"start":{"line":47,"column":10},"end":{"line":98,"column":11}},"24":{"start":{"line":49,"column":11},"end":{"line":97,"column":20}},"25":{"start":{"line":52,"column":12},"end":{"line":52,"column":68}},"26":{"start":{"line":52,"column":21},"end":{"line":52,"column":68}},"27":{"start":{"line":54,"column":12},"end":{"line":94,"column":13}},"28":{"start":{"line":56,"column":40},"end":{"line":56,"column":69}},"29":{"start":{"line":57,"column":28},"end":{"line":57,"column":49}},"30":{"start":{"line":60,"column":28},"end":{"line":63,"column":29}},"31":{"start":{"line":64,"column":28},"end":{"line":86,"column":31}},"32":{"start":{"line":66,"column":29},"end":{"line":84,"column":30}},"33":{"start":{"line":68,"column":30},"end":{"line":68,"column":76}},"34":{"start":{"line":69,"column":30},"end":{"line":69,"column":77}},"35":{"start":{"line":73,"column":30},"end":{"line":83,"column":28}},"36":{"start":{"line":93,"column":13},"end":{"line":93,"column":48}},"37":{"start":{"line":99,"column":10},"end":{"line":147,"column":11}},"38":{"start":{"line":101,"column":11},"end":{"line":146,"column":17}},"39":{"start":{"line":103,"column":12},"end":{"line":103,"column":68}},"40":{"start":{"line":103,"column":21},"end":{"line":103,"column":68}},"41":{"start":{"line":105,"column":12},"end":{"line":144,"column":16}},"42":{"start":{"line":107,"column":25},"end":{"line":107,"column":54}},"43":{"start":{"line":108,"column":28},"end":{"line":108,"column":49}},"44":{"start":{"line":111,"column":28},"end":{"line":114,"column":29}},"45":{"start":{"line":115,"column":28},"end":{"line":137,"column":31}},"46":{"start":{"line":117,"column":29},"end":{"line":135,"column":30}},"47":{"start":{"line":119,"column":30},"end":{"line":119,"column":76}},"48":{"start":{"line":120,"column":30},"end":{"line":120,"column":77}},"49":{"start":{"line":124,"column":30},"end":{"line":134,"column":28}},"50":{"start":{"line":143,"column":13},"end":{"line":143,"column":48}},"51":{"start":{"line":151,"column":10},"end":{"line":151,"column":48}},"52":{"start":{"line":157,"column":12},"end":{"line":157,"column":62}},"53":{"start":{"line":161,"column":4},"end":{"line":161,"column":28}}},"fnMap":{"0":{"name":"(anonymous_0)","decl":{"start":{"line":10,"column":17},"end":{"line":10,"column":18}},"loc":{"start":{"line":10,"column":37},"end":{"line":28,"column":1}},"line":10},"1":{"name":"(anonymous_1)","decl":{"start":{"line":11,"column":57},"end":{"line":11,"column":58}},"loc":{"start":{"line":12,"column":4},"end":{"line":23,"column":5}},"line":12},"2":{"name":"(anonymous_2)","decl":{"start":{"line":24,"column":15},"end":{"line":24,"column":16}},"loc":{"start":{"line":25,"column":8},"end":{"line":27,"column":9}},"line":25},"3":{"name":"authenticate","decl":{"start":{"line":30,"column":9},"end":{"line":30,"column":21}},"loc":{"start":{"line":31,"column":0},"end":{"line":162,"column":1}},"line":31},"4":{"name":"(anonymous_4)","decl":{"start":{"line":34,"column":36},"end":{"line":34,"column":37}},"loc":{"start":{"line":35,"column":4},"end":{"line":159,"column":5}},"line":35},"5":{"name":"(anonymous_5)","decl":{"start":{"line":49,"column":61},"end":{"line":49,"column":62}},"loc":{"start":{"line":50,"column":17},"end":{"line":97,"column":18}},"line":50},"6":{"name":"(anonymous_6)","decl":{"start":{"line":64,"column":73},"end":{"line":64,"column":74}},"loc":{"start":{"line":65,"column":28},"end":{"line":86,"column":29}},"line":65},"7":{"name":"(anonymous_7)","decl":{"start":{"line":101,"column":60},"end":{"line":101,"column":61}},"loc":{"start":{"line":102,"column":14},"end":{"line":146,"column":15}},"line":102},"8":{"name":"(anonymous_8)","decl":{"start":{"line":115,"column":73},"end":{"line":115,"column":74}},"loc":{"start":{"line":116,"column":28},"end":{"line":137,"column":29}},"line":116}},"branchMap":{"0":{"loc":{"start":{"line":13,"column":8},"end":{"line":22,"column":9}},"type":"if","locations":[{"start":{"line":13,"column":8},"end":{"line":22,"column":9}},{"start":{"line":13,"column":8},"end":{"line":22,"column":9}}],"line":13},"1":{"loc":{"start":{"line":37,"column":8},"end":{"line":37,"column":64}},"type":"if","locations":[{"start":{"line":37,"column":8},"end":{"line":37,"column":64}},{"start":{"line":37,"column":8},"end":{"line":37,"column":64}}],"line":37},"2":{"loc":{"start":{"line":39,"column":8},"end":{"line":158,"column":9}},"type":"if","locations":[{"start":{"line":39,"column":8},"end":{"line":158,"column":9}},{"start":{"line":39,"column":8},"end":{"line":158,"column":9}}],"line":39},"3":{"loc":{"start":{"line":45,"column":9},"end":{"line":152,"column":10}},"type":"if","locations":[{"start":{"line":45,"column":9},"end":{"line":152,"column":10}},{"start":{"line":45,"column":9},"end":{"line":152,"column":10}}],"line":45},"4":{"loc":{"start":{"line":47,"column":10},"end":{"line":98,"column":11}},"type":"if","locations":[{"start":{"line":47,"column":10},"end":{"line":98,"column":11}},{"start":{"line":47,"column":10},"end":{"line":98,"column":11}}],"line":47},"5":{"loc":{"start":{"line":52,"column":12},"end":{"line":52,"column":68}},"type":"if","locations":[{"start":{"line":52,"column":12},"end":{"line":52,"column":68}},{"start":{"line":52,"column":12},"end":{"line":52,"column":68}}],"line":52},"6":{"loc":{"start":{"line":54,"column":12},"end":{"line":94,"column":13}},"type":"if","locations":[{"start":{"line":54,"column":12},"end":{"line":94,"column":13}},{"start":{"line":54,"column":12},"end":{"line":94,"column":13}}],"line":54},"7":{"loc":{"start":{"line":66,"column":29},"end":{"line":84,"column":30}},"type":"if","locations":[{"start":{"line":66,"column":29},"end":{"line":84,"column":30}},{"start":{"line":66,"column":29},"end":{"line":84,"column":30}}],"line":66},"8":{"loc":{"start":{"line":99,"column":10},"end":{"line":147,"column":11}},"type":"if","locations":[{"start":{"line":99,"column":10},"end":{"line":147,"column":11}},{"start":{"line":99,"column":10},"end":{"line":147,"column":11}}],"line":99},"9":{"loc":{"start":{"line":103,"column":12},"end":{"line":103,"column":68}},"type":"if","locations":[{"start":{"line":103,"column":12},"end":{"line":103,"column":68}},{"start":{"line":103,"column":12},"end":{"line":103,"column":68}}],"line":103},"10":{"loc":{"start":{"line":105,"column":12},"end":{"line":144,"column":16}},"type":"if","locations":[{"start":{"line":105,"column":12},"end":{"line":144,"column":16}},{"start":{"line":105,"column":12},"end":{"line":144,"column":16}}],"line":105},"11":{"loc":{"start":{"line":117,"column":29},"end":{"line":135,"column":30}},"type":"if","locations":[{"start":{"line":117,"column":29},"end":{"line":135,"column":30}},{"start":{"line":117,"column":29},"end":{"line":135,"column":30}}],"line":117}},"s":{"0":1,"1":1,"2":1,"3":1,"4":1,"5":1,"6":1,"7":1,"8":1,"9":2,"10":2,"11":2,"12":0,"13":0,"14":2,"15":2,"16":2,"17":0,"18":2,"19":2,"20":2,"21":2,"22":2,"23":2,"24":1,"25":1,"26":0,"27":1,"28":1,"29":1,"30":1,"31":1,"32":1,"33":0,"34":0,"35":1,"36":0,"37":2,"38":1,"39":1,"40":0,"41":1,"42":1,"43":1,"44":1,"45":1,"46":1,"47":0,"48":0,"49":1,"50":0,"51":0,"52":0,"53":2},"f":{"0":2,"1":2,"2":0,"3":2,"4":2,"5":1,"6":1,"7":1,"8":1},"b":{"0":[2,0],"1":[0,2],"2":[2,0],"3":[2,0],"4":[1,1],"5":[0,1],"6":[1,0],"7":[0,1],"8":[1,1],"9":[0,1],"10":[1,0],"11":[0,1]},"_coverageSchema":"d34fc3e6b8297bcde183f5492bcb8fcb36775295","hash":"c564fe541de609c924958f66ca5862152127b8b9","contentHash":"1a5834b4d81edeffa1bb82e8894d75a2"},"D:\\Project\\WOB_local\\workonblockchain.com\\server\\model\\candidate_profile.js":{"path":"D:\\Project\\WOB_local\\workonblockchain.com\\server\\model\\candidate_profile.js","statementMap":{"0":{"start":{"line":1,"column":17},"end":{"line":1,"column":36}},"1":{"start":{"line":2,"column":16},"end":{"line":2,"column":36}},"2":{"start":{"line":3,"column":21},"end":{"line":3,"column":46}},"3":{"start":{"line":5,"column":15},"end":{"line":5,"column":30}},"4":{"start":{"line":7,"column":31},"end":{"line":209,"column":2}},"5":{"start":{"line":211,"column":0},"end":{"line":211,"column":75}}},"fnMap":{},"branchMap":{},"s":{"0":1,"1":1,"2":1,"3":1,"4":1,"5":1},"f":{},"b":{},"_coverageSchema":"d34fc3e6b8297bcde183f5492bcb8fcb36775295","hash":"9a59c3a03afa51c6eddc7bd8a81b972287d2d367","contentHash":"a185f5126c2e72d08baf3e517e109abc"},"D:\\Project\\WOB_local\\workonblockchain.com\\server\\model\\enumerations.js":{"path":"D:\\Project\\WOB_local\\workonblockchain.com\\server\\model\\enumerations.js","statementMap":{"0":{"start":{"line":3,"column":0},"end":{"line":3,"column":267}},"1":{"start":{"line":5,"column":0},"end":{"line":5,"column":56}},"2":{"start":{"line":8,"column":0},"end":{"line":8,"column":326}},"3":{"start":{"line":11,"column":0},"end":{"line":11,"column":65}},"4":{"start":{"line":13,"column":0},"end":{"line":13,"column":2578}},"5":{"start":{"line":15,"column":0},"end":{"line":15,"column":2459}},"6":{"start":{"line":18,"column":0},"end":{"line":18,"column":235}},"7":{"start":{"line":21,"column":0},"end":{"line":21,"column":301}},"8":{"start":{"line":24,"column":0},"end":{"line":24,"column":201}},"9":{"start":{"line":27,"column":0},"end":{"line":27,"column":97}}},"fnMap":{},"branchMap":{},"s":{"0":1,"1":1,"2":1,"3":1,"4":1,"5":1,"6":1,"7":1,"8":1,"9":1},"f":{},"b":{},"_coverageSchema":"d34fc3e6b8297bcde183f5492bcb8fcb36775295","hash":"87f629a039df636976cc417e0bb6afa9372814be","contentHash":"1ff2a07682db28c7903d20bdfb761048"},"D:\\Project\\WOB_local\\workonblockchain.com\\server\\model\\employer_profile.js":{"path":"D:\\Project\\WOB_local\\workonblockchain.com\\server\\model\\employer_profile.js","statementMap":{"0":{"start":{"line":1,"column":17},"end":{"line":1,"column":36}},"1":{"start":{"line":2,"column":16},"end":{"line":2,"column":36}},"2":{"start":{"line":3,"column":21},"end":{"line":3,"column":46}},"3":{"start":{"line":5,"column":15},"end":{"line":5,"column":30}},"4":{"start":{"line":7,"column":29},"end":{"line":86,"column":2}},"5":{"start":{"line":88,"column":0},"end":{"line":88,"column":71}}},"fnMap":{},"branchMap":{},"s":{"0":1,"1":1,"2":1,"3":1,"4":1,"5":1},"f":{},"b":{},"_coverageSchema":"d34fc3e6b8297bcde183f5492bcb8fcb36775295","hash":"d2887c3f8cd703b1f919a4f37434c612fbdb9be7","contentHash":"19ded32cc23d412adcbbdb9674e9c4c2"},"D:\\Project\\WOB_local\\workonblockchain.com\\server\\controller\\api\\users\\auth\\verifyEmail.controller.js":{"path":"D:\\Project\\WOB_local\\workonblockchain.com\\server\\controller\\api\\users\\auth\\verifyEmail.controller.js","statementMap":{"0":{"start":{"line":1,"column":17},"end":{"line":1,"column":48}},"1":{"start":{"line":2,"column":8},"end":{"line":2,"column":25}},"2":{"start":{"line":3,"column":8},"end":{"line":3,"column":20}},"3":{"start":{"line":4,"column":12},"end":{"line":4,"column":32}},"4":{"start":{"line":5,"column":14},"end":{"line":5,"column":48}},"5":{"start":{"line":6,"column":15},"end":{"line":6,"column":36}},"6":{"start":{"line":7,"column":15},"end":{"line":7,"column":50}},"7":{"start":{"line":9,"column":0},"end":{"line":25,"column":1}},"8":{"start":{"line":11,"column":4},"end":{"line":22,"column":6}},"9":{"start":{"line":14,"column":8},"end":{"line":21,"column":9}},"10":{"start":{"line":16,"column":12},"end":{"line":16,"column":27}},"11":{"start":{"line":20,"column":12},"end":{"line":20,"column":26}},"12":{"start":{"line":29,"column":19},"end":{"line":29,"column":28}},"13":{"start":{"line":30,"column":15},"end":{"line":30,"column":75}},"14":{"start":{"line":32,"column":4},"end":{"line":73,"column":5}},"15":{"start":{"line":34,"column":8},"end":{"line":48,"column":11}},"16":{"start":{"line":36,"column":12},"end":{"line":39,"column":13}},"17":{"start":{"line":37,"column":16},"end":{"line":37,"column":62}},"18":{"start":{"line":38,"column":16},"end":{"line":38,"column":63}},"19":{"start":{"line":40,"column":12},"end":{"line":47,"column":65}},"20":{"start":{"line":43,"column":16},"end":{"line":43,"column":39}},"21":{"start":{"line":47,"column":16},"end":{"line":47,"column":65}},"22":{"start":{"line":53,"column":16},"end":{"line":55,"column":17}},"23":{"start":{"line":56,"column":12},"end":{"line":64,"column":15}},"24":{"start":{"line":58,"column":16},"end":{"line":63,"column":61}},"25":{"start":{"line":59,"column":20},"end":{"line":59,"column":66}},"26":{"start":{"line":60,"column":20},"end":{"line":60,"column":67}},"27":{"start":{"line":63,"column":20},"end":{"line":63,"column":61}},"28":{"start":{"line":71,"column":8},"end":{"line":71,"column":49}},"29":{"start":{"line":74,"column":4},"end":{"line":74,"column":28}}},"fnMap":{"0":{"name":"(anonymous_0)","decl":{"start":{"line":9,"column":17},"end":{"line":9,"column":18}},"loc":{"start":{"line":10,"column":0},"end":{"line":25,"column":1}},"line":10},"1":{"name":"(anonymous_1)","decl":{"start":{"line":11,"column":44},"end":{"line":11,"column":45}},"loc":{"start":{"line":12,"column":4},"end":{"line":22,"column":5}},"line":12},"2":{"name":"emailVerify","decl":{"start":{"line":27,"column":9},"end":{"line":27,"column":20}},"loc":{"start":{"line":28,"column":0},"end":{"line":76,"column":1}},"line":28},"3":{"name":"(anonymous_3)","decl":{"start":{"line":34,"column":53},"end":{"line":34,"column":54}},"loc":{"start":{"line":35,"column":8},"end":{"line":48,"column":9}},"line":35},"4":{"name":"updateData","decl":{"start":{"line":50,"column":17},"end":{"line":50,"column":27}},"loc":{"start":{"line":51,"column":8},"end":{"line":65,"column":9}},"line":51},"5":{"name":"(anonymous_5)","decl":{"start":{"line":56,"column":78},"end":{"line":56,"column":79}},"loc":{"start":{"line":57,"column":12},"end":{"line":64,"column":13}},"line":57}},"branchMap":{"0":{"loc":{"start":{"line":14,"column":8},"end":{"line":21,"column":9}},"type":"if","locations":[{"start":{"line":14,"column":8},"end":{"line":21,"column":9}},{"start":{"line":14,"column":8},"end":{"line":21,"column":9}}],"line":14},"1":{"loc":{"start":{"line":32,"column":4},"end":{"line":73,"column":5}},"type":"if","locations":[{"start":{"line":32,"column":4},"end":{"line":73,"column":5}},{"start":{"line":32,"column":4},"end":{"line":73,"column":5}}],"line":32},"2":{"loc":{"start":{"line":36,"column":12},"end":{"line":39,"column":13}},"type":"if","locations":[{"start":{"line":36,"column":12},"end":{"line":39,"column":13}},{"start":{"line":36,"column":12},"end":{"line":39,"column":13}}],"line":36},"3":{"loc":{"start":{"line":40,"column":12},"end":{"line":47,"column":65}},"type":"if","locations":[{"start":{"line":40,"column":12},"end":{"line":47,"column":65}},{"start":{"line":40,"column":12},"end":{"line":47,"column":65}}],"line":40},"4":{"loc":{"start":{"line":58,"column":16},"end":{"line":63,"column":61}},"type":"if","locations":[{"start":{"line":58,"column":16},"end":{"line":63,"column":61}},{"start":{"line":58,"column":16},"end":{"line":63,"column":61}}],"line":58}},"s":{"0":1,"1":1,"2":1,"3":1,"4":1,"5":1,"6":1,"7":1,"8":0,"9":0,"10":0,"11":0,"12":0,"13":0,"14":0,"15":0,"16":0,"17":0,"18":0,"19":0,"20":0,"21":0,"22":0,"23":0,"24":0,"25":0,"26":0,"27":0,"28":0,"29":0},"f":{"0":0,"1":0,"2":0,"3":0,"4":0,"5":0},"b":{"0":[0,0],"1":[0,0],"2":[0,0],"3":[0,0],"4":[0,0]},"_coverageSchema":"d34fc3e6b8297bcde183f5492bcb8fcb36775295","hash":"bda32d315ad9912d86c3feb10bb2cdec4b8b0cde","contentHash":"12ac1e3a10378d53a1c643b85eb01bc6"},"D:\\Project\\WOB_local\\workonblockchain.com\\server\\controller\\api\\users\\auth\\forgotPassword.controller.js":{"path":"D:\\Project\\WOB_local\\workonblockchain.com\\server\\controller\\api\\users\\auth\\forgotPassword.controller.js","statementMap":{"0":{"start":{"line":1,"column":17},"end":{"line":1,"column":48}},"1":{"start":{"line":2,"column":8},"end":{"line":2,"column":20}},"2":{"start":{"line":3,"column":12},"end":{"line":3,"column":32}},"3":{"start":{"line":4,"column":14},"end":{"line":4,"column":48}},"4":{"start":{"line":5,"column":25},"end":{"line":5,"column":71}},"5":{"start":{"line":6,"column":13},"end":{"line":6,"column":30}},"6":{"start":{"line":7,"column":15},"end":{"line":7,"column":36}},"7":{"start":{"line":8,"column":28},"end":{"line":8,"column":84}},"8":{"start":{"line":9,"column":15},"end":{"line":9,"column":50}},"9":{"start":{"line":10,"column":24},"end":{"line":10,"column":69}},"10":{"start":{"line":12,"column":0},"end":{"line":31,"column":1}},"11":{"start":{"line":15,"column":4},"end":{"line":29,"column":11}},"12":{"start":{"line":17,"column":8},"end":{"line":24,"column":9}},"13":{"start":{"line":19,"column":12},"end":{"line":19,"column":27}},"14":{"start":{"line":23,"column":12},"end":{"line":23,"column":26}},"15":{"start":{"line":28,"column":12},"end":{"line":28,"column":35}},"16":{"start":{"line":35,"column":19},"end":{"line":35,"column":28}},"17":{"start":{"line":36,"column":4},"end":{"line":67,"column":7}},"18":{"start":{"line":39,"column":8},"end":{"line":42,"column":9}},"19":{"start":{"line":40,"column":12},"end":{"line":40,"column":58}},"20":{"start":{"line":41,"column":12},"end":{"line":41,"column":59}},"21":{"start":{"line":44,"column":8},"end":{"line":65,"column":9}},"22":{"start":{"line":46,"column":9},"end":{"line":49,"column":10}},"23":{"start":{"line":48,"column":10},"end":{"line":48,"column":63}},"24":{"start":{"line":51,"column":9},"end":{"line":54,"column":10}},"25":{"start":{"line":53,"column":10},"end":{"line":53,"column":66}},"26":{"start":{"line":56,"column":9},"end":{"line":59,"column":10}},"27":{"start":{"line":58,"column":10},"end":{"line":58,"column":29}},"28":{"start":{"line":64,"column":12},"end":{"line":64,"column":72}},"29":{"start":{"line":71,"column":16},"end":{"line":71,"column":74}},"30":{"start":{"line":73,"column":25},"end":{"line":73,"column":27}},"31":{"start":{"line":74,"column":8},"end":{"line":74,"column":42}},"32":{"start":{"line":75,"column":8},"end":{"line":75,"column":38}},"33":{"start":{"line":76,"column":8},"end":{"line":76,"column":42}},"34":{"start":{"line":78,"column":8},"end":{"line":78,"column":73}},"35":{"start":{"line":79,"column":20},"end":{"line":79,"column":85}},"36":{"start":{"line":80,"column":8},"end":{"line":80,"column":33}},"37":{"start":{"line":82,"column":8},"end":{"line":85,"column":9}},"38":{"start":{"line":86,"column":8},"end":{"line":101,"column":11}},"39":{"start":{"line":88,"column":12},"end":{"line":100,"column":13}},"40":{"start":{"line":89,"column":16},"end":{"line":89,"column":62}},"41":{"start":{"line":90,"column":16},"end":{"line":90,"column":63}},"42":{"start":{"line":95,"column":16},"end":{"line":95,"column":59}},"43":{"start":{"line":96,"column":16},"end":{"line":99,"column":19}},"44":{"start":{"line":105,"column":4},"end":{"line":105,"column":28}},"45":{"start":{"line":111,"column":19},"end":{"line":111,"column":28}},"46":{"start":{"line":112,"column":15},"end":{"line":112,"column":74}},"47":{"start":{"line":116,"column":4},"end":{"line":184,"column":7}},"48":{"start":{"line":118,"column":8},"end":{"line":122,"column":9}},"49":{"start":{"line":120,"column":12},"end":{"line":120,"column":58}},"50":{"start":{"line":121,"column":12},"end":{"line":121,"column":59}},"51":{"start":{"line":124,"column":8},"end":{"line":182,"column":9}},"52":{"start":{"line":126,"column":9},"end":{"line":150,"column":10}},"53":{"start":{"line":128,"column":10},"end":{"line":149,"column":24}},"54":{"start":{"line":130,"column":25},"end":{"line":133,"column":26}},"55":{"start":{"line":131,"column":29},"end":{"line":131,"column":75}},"56":{"start":{"line":132,"column":29},"end":{"line":132,"column":76}},"57":{"start":{"line":134,"column":25},"end":{"line":148,"column":26}},"58":{"start":{"line":137,"column":32},"end":{"line":144,"column":27}},"59":{"start":{"line":138,"column":27},"end":{"line":138,"column":39}},"60":{"start":{"line":143,"column":27},"end":{"line":143,"column":59}},"61":{"start":{"line":147,"column":29},"end":{"line":147,"column":77}},"62":{"start":{"line":152,"column":9},"end":{"line":176,"column":10}},"63":{"start":{"line":154,"column":10},"end":{"line":175,"column":24}},"64":{"start":{"line":156,"column":25},"end":{"line":159,"column":26}},"65":{"start":{"line":157,"column":29},"end":{"line":157,"column":75}},"66":{"start":{"line":158,"column":29},"end":{"line":158,"column":76}},"67":{"start":{"line":160,"column":25},"end":{"line":174,"column":26}},"68":{"start":{"line":163,"column":32},"end":{"line":170,"column":27}},"69":{"start":{"line":164,"column":27},"end":{"line":164,"column":39}},"70":{"start":{"line":169,"column":27},"end":{"line":169,"column":59}},"71":{"start":{"line":173,"column":29},"end":{"line":173,"column":77}},"72":{"start":{"line":181,"column":12},"end":{"line":181,"column":72}}},"fnMap":{"0":{"name":"(anonymous_0)","decl":{"start":{"line":12,"column":17},"end":{"line":12,"column":18}},"loc":{"start":{"line":13,"column":0},"end":{"line":31,"column":1}},"line":13},"1":{"name":"(anonymous_1)","decl":{"start":{"line":15,"column":43},"end":{"line":15,"column":44}},"loc":{"start":{"line":16,"column":4},"end":{"line":25,"column":5}},"line":16},"2":{"name":"(anonymous_2)","decl":{"start":{"line":26,"column":15},"end":{"line":26,"column":16}},"loc":{"start":{"line":27,"column":8},"end":{"line":29,"column":9}},"line":27},"3":{"name":"forgot_password","decl":{"start":{"line":33,"column":9},"end":{"line":33,"column":24}},"loc":{"start":{"line":34,"column":0},"end":{"line":107,"column":1}},"line":34},"4":{"name":"(anonymous_4)","decl":{"start":{"line":36,"column":37},"end":{"line":36,"column":38}},"loc":{"start":{"line":37,"column":4},"end":{"line":67,"column":5}},"line":37},"5":{"name":"updateData","decl":{"start":{"line":69,"column":13},"end":{"line":69,"column":23}},"loc":{"start":{"line":70,"column":4},"end":{"line":102,"column":5}},"line":70},"6":{"name":"(anonymous_6)","decl":{"start":{"line":86,"column":79},"end":{"line":86,"column":80}},"loc":{"start":{"line":87,"column":8},"end":{"line":101,"column":9}},"line":87},"7":{"name":"forgot_passwordEmail_send","decl":{"start":{"line":109,"column":9},"end":{"line":109,"column":34}},"loc":{"start":{"line":110,"column":0},"end":{"line":186,"column":1}},"line":110},"8":{"name":"(anonymous_8)","decl":{"start":{"line":116,"column":42},"end":{"line":116,"column":43}},"loc":{"start":{"line":117,"column":4},"end":{"line":184,"column":5}},"line":117},"9":{"name":"(anonymous_9)","decl":{"start":{"line":128,"column":83},"end":{"line":128,"column":84}},"loc":{"start":{"line":129,"column":21},"end":{"line":149,"column":22}},"line":129},"10":{"name":"(anonymous_10)","decl":{"start":{"line":154,"column":82},"end":{"line":154,"column":83}},"loc":{"start":{"line":155,"column":21},"end":{"line":175,"column":22}},"line":155}},"branchMap":{"0":{"loc":{"start":{"line":17,"column":8},"end":{"line":24,"column":9}},"type":"if","locations":[{"start":{"line":17,"column":8},"end":{"line":24,"column":9}},{"start":{"line":17,"column":8},"end":{"line":24,"column":9}}],"line":17},"1":{"loc":{"start":{"line":39,"column":8},"end":{"line":42,"column":9}},"type":"if","locations":[{"start":{"line":39,"column":8},"end":{"line":42,"column":9}},{"start":{"line":39,"column":8},"end":{"line":42,"column":9}}],"line":39},"2":{"loc":{"start":{"line":44,"column":8},"end":{"line":65,"column":9}},"type":"if","locations":[{"start":{"line":44,"column":8},"end":{"line":65,"column":9}},{"start":{"line":44,"column":8},"end":{"line":65,"column":9}}],"line":44},"3":{"loc":{"start":{"line":46,"column":9},"end":{"line":49,"column":10}},"type":"if","locations":[{"start":{"line":46,"column":9},"end":{"line":49,"column":10}},{"start":{"line":46,"column":9},"end":{"line":49,"column":10}}],"line":46},"4":{"loc":{"start":{"line":51,"column":9},"end":{"line":54,"column":10}},"type":"if","locations":[{"start":{"line":51,"column":9},"end":{"line":54,"column":10}},{"start":{"line":51,"column":9},"end":{"line":54,"column":10}}],"line":51},"5":{"loc":{"start":{"line":56,"column":9},"end":{"line":59,"column":10}},"type":"if","locations":[{"start":{"line":56,"column":9},"end":{"line":59,"column":10}},{"start":{"line":56,"column":9},"end":{"line":59,"column":10}}],"line":56},"6":{"loc":{"start":{"line":88,"column":12},"end":{"line":100,"column":13}},"type":"if","locations":[{"start":{"line":88,"column":12},"end":{"line":100,"column":13}},{"start":{"line":88,"column":12},"end":{"line":100,"column":13}}],"line":88},"7":{"loc":{"start":{"line":118,"column":8},"end":{"line":122,"column":9}},"type":"if","locations":[{"start":{"line":118,"column":8},"end":{"line":122,"column":9}},{"start":{"line":118,"column":8},"end":{"line":122,"column":9}}],"line":118},"8":{"loc":{"start":{"line":124,"column":8},"end":{"line":182,"column":9}},"type":"if","locations":[{"start":{"line":124,"column":8},"end":{"line":182,"column":9}},{"start":{"line":124,"column":8},"end":{"line":182,"column":9}}],"line":124},"9":{"loc":{"start":{"line":126,"column":9},"end":{"line":150,"column":10}},"type":"if","locations":[{"start":{"line":126,"column":9},"end":{"line":150,"column":10}},{"start":{"line":126,"column":9},"end":{"line":150,"column":10}}],"line":126},"10":{"loc":{"start":{"line":130,"column":25},"end":{"line":133,"column":26}},"type":"if","locations":[{"start":{"line":130,"column":25},"end":{"line":133,"column":26}},{"start":{"line":130,"column":25},"end":{"line":133,"column":26}}],"line":130},"11":{"loc":{"start":{"line":134,"column":25},"end":{"line":148,"column":26}},"type":"if","locations":[{"start":{"line":134,"column":25},"end":{"line":148,"column":26}},{"start":{"line":134,"column":25},"end":{"line":148,"column":26}}],"line":134},"12":{"loc":{"start":{"line":137,"column":32},"end":{"line":144,"column":27}},"type":"if","locations":[{"start":{"line":137,"column":32},"end":{"line":144,"column":27}},{"start":{"line":137,"column":32},"end":{"line":144,"column":27}}],"line":137},"13":{"loc":{"start":{"line":152,"column":9},"end":{"line":176,"column":10}},"type":"if","locations":[{"start":{"line":152,"column":9},"end":{"line":176,"column":10}},{"start":{"line":152,"column":9},"end":{"line":176,"column":10}}],"line":152},"14":{"loc":{"start":{"line":156,"column":25},"end":{"line":159,"column":26}},"type":"if","locations":[{"start":{"line":156,"column":25},"end":{"line":159,"column":26}},{"start":{"line":156,"column":25},"end":{"line":159,"column":26}}],"line":156},"15":{"loc":{"start":{"line":160,"column":25},"end":{"line":174,"column":26}},"type":"if","locations":[{"start":{"line":160,"column":25},"end":{"line":174,"column":26}},{"start":{"line":160,"column":25},"end":{"line":174,"column":26}}],"line":160},"16":{"loc":{"start":{"line":163,"column":32},"end":{"line":170,"column":27}},"type":"if","locations":[{"start":{"line":163,"column":32},"end":{"line":170,"column":27}},{"start":{"line":163,"column":32},"end":{"line":170,"column":27}}],"line":163}},"s":{"0":1,"1":1,"2":1,"3":1,"4":1,"5":1,"6":1,"7":1,"8":1,"9":1,"10":1,"11":1,"12":1,"13":0,"14":1,"15":0,"16":1,"17":1,"18":1,"19":0,"20":0,"21":1,"22":1,"23":0,"24":1,"25":0,"26":1,"27":1,"28":0,"29":1,"30":1,"31":1,"32":1,"33":1,"34":1,"35":1,"36":1,"37":1,"38":1,"39":1,"40":0,"41":0,"42":1,"43":1,"44":1,"45":1,"46":1,"47":1,"48":1,"49":0,"50":0,"51":1,"52":1,"53":1,"54":1,"55":0,"56":0,"57":1,"58":1,"59":0,"60":0,"61":0,"62":1,"63":0,"64":0,"65":0,"66":0,"67":0,"68":0,"69":0,"70":0,"71":0,"72":0},"f":{"0":1,"1":1,"2":0,"3":1,"4":1,"5":1,"6":1,"7":1,"8":1,"9":1,"10":0},"b":{"0":[0,1],"1":[0,1],"2":[1,0],"3":[0,1],"4":[0,1],"5":[1,0],"6":[0,1],"7":[0,1],"8":[1,0],"9":[1,0],"10":[0,1],"11":[1,0],"12":[0,0],"13":[0,1],"14":[0,0],"15":[0,0],"16":[0,0]},"_coverageSchema":"d34fc3e6b8297bcde183f5492bcb8fcb36775295","hash":"0744c9c8b26a2e8777cb3cfd63d9396798ebef34","contentHash":"2a7032f25b5dfff1ba45bfc2dab9b5ad"},"D:\\Project\\WOB_local\\workonblockchain.com\\server\\controller\\services\\email\\emails\\forgotPassword.js":{"path":"D:\\Project\\WOB_local\\workonblockchain.com\\server\\controller\\services\\email\\emails\\forgotPassword.js","statementMap":{"0":{"start":{"line":1,"column":15},"end":{"line":1,"column":35}},"1":{"start":{"line":2,"column":17},"end":{"line":2,"column":48}},"2":{"start":{"line":3,"column":15},"end":{"line":3,"column":38}},"3":{"start":{"line":5,"column":0},"end":{"line":50,"column":1}},"4":{"start":{"line":6,"column":19},"end":{"line":8,"column":5}},"5":{"start":{"line":9,"column":20},"end":{"line":9,"column":59}},"6":{"start":{"line":11,"column":30},"end":{"line":11,"column":79}},"7":{"start":{"line":12,"column":24},"end":{"line":12,"column":32}},"8":{"start":{"line":13,"column":4},"end":{"line":13,"column":52}},"9":{"start":{"line":15,"column":4},"end":{"line":35,"column":5}},"10":{"start":{"line":17,"column":5},"end":{"line":23,"column":9}},"11":{"start":{"line":30,"column":5},"end":{"line":33,"column":9}},"12":{"start":{"line":37,"column":4},"end":{"line":37,"column":59}},"13":{"start":{"line":38,"column":28},"end":{"line":45,"column":5}},"14":{"start":{"line":47,"column":4},"end":{"line":47,"column":56}},"15":{"start":{"line":49,"column":4},"end":{"line":49,"column":38}}},"fnMap":{"0":{"name":"sendEmail","decl":{"start":{"line":5,"column":36},"end":{"line":5,"column":45}},"loc":{"start":{"line":5,"column":62},"end":{"line":50,"column":1}},"line":5}},"branchMap":{"0":{"loc":{"start":{"line":15,"column":4},"end":{"line":35,"column":5}},"type":"if","locations":[{"start":{"line":15,"column":4},"end":{"line":35,"column":5}},{"start":{"line":15,"column":4},"end":{"line":35,"column":5}}],"line":15}},"s":{"0":1,"1":1,"2":1,"3":1,"4":0,"5":0,"6":0,"7":0,"8":0,"9":0,"10":0,"11":0,"12":0,"13":0,"14":0,"15":0},"f":{"0":0},"b":{"0":[0,0]},"_coverageSchema":"d34fc3e6b8297bcde183f5492bcb8fcb36775295","hash":"10a559dc1c3092e6b6b15c9a6e2ad5190f69a8ac","contentHash":"812b2d0f5c774937b15d17f195446978"},"D:\\Project\\WOB_local\\workonblockchain.com\\server\\controller\\services\\email\\emails.js":{"path":"D:\\Project\\WOB_local\\workonblockchain.com\\server\\controller\\services\\email\\emails.js","statementMap":{"0":{"start":{"line":1,"column":17},"end":{"line":1,"column":38}},"1":{"start":{"line":2,"column":17},"end":{"line":2,"column":45}},"2":{"start":{"line":4,"column":0},"end":{"line":8,"column":1}},"3":{"start":{"line":5,"column":4},"end":{"line":7,"column":5}},"4":{"start":{"line":6,"column":5},"end":{"line":6,"column":41}}},"fnMap":{"0":{"name":"sendEmail","decl":{"start":{"line":4,"column":36},"end":{"line":4,"column":45}},"loc":{"start":{"line":4,"column":63},"end":{"line":8,"column":1}},"line":4}},"branchMap":{"0":{"loc":{"start":{"line":5,"column":4},"end":{"line":7,"column":5}},"type":"if","locations":[{"start":{"line":5,"column":4},"end":{"line":7,"column":5}},{"start":{"line":5,"column":4},"end":{"line":7,"column":5}}],"line":5}},"s":{"0":1,"1":1,"2":1,"3":20,"4":0},"f":{"0":20},"b":{"0":[0,20]},"_coverageSchema":"d34fc3e6b8297bcde183f5492bcb8fcb36775295","hash":"4a557e2f330dab8d9ed53772d8eb2d5e8ed21bf1","contentHash":"dea232c12024a6b51d6a7842ebc9d20a"},"D:\\Project\\WOB_local\\workonblockchain.com\\server\\controller\\services\\email\\mandrill.js":{"path":"D:\\Project\\WOB_local\\workonblockchain.com\\server\\controller\\services\\email\\mandrill.js","statementMap":{"0":{"start":{"line":1,"column":17},"end":{"line":1,"column":45}},"1":{"start":{"line":2,"column":17},"end":{"line":2,"column":49}},"2":{"start":{"line":3,"column":15},"end":{"line":3,"column":35}},"3":{"start":{"line":5,"column":0},"end":{"line":11,"column":1}},"4":{"start":{"line":6,"column":4},"end":{"line":6,"column":72}},"5":{"start":{"line":7,"column":4},"end":{"line":7,"column":68}},"6":{"start":{"line":8,"column":4},"end":{"line":8,"column":57}},"7":{"start":{"line":10,"column":4},"end":{"line":10,"column":79}},"8":{"start":{"line":14,"column":26},"end":{"line":14,"column":74}},"9":{"start":{"line":16,"column":28},"end":{"line":22,"column":5}},"10":{"start":{"line":24,"column":4},"end":{"line":24,"column":91}},"11":{"start":{"line":25,"column":4},"end":{"line":25,"column":93}},"12":{"start":{"line":26,"column":4},"end":{"line":37,"column":7}},"13":{"start":{"line":27,"column":8},"end":{"line":32,"column":9}},"14":{"start":{"line":28,"column":12},"end":{"line":28,"column":99}},"15":{"start":{"line":29,"column":12},"end":{"line":29,"column":167}},"16":{"start":{"line":31,"column":12},"end":{"line":31,"column":57}},"17":{"start":{"line":34,"column":8},"end":{"line":34,"column":88}},"18":{"start":{"line":35,"column":8},"end":{"line":35,"column":103}}},"fnMap":{"0":{"name":"sendEmail","decl":{"start":{"line":5,"column":36},"end":{"line":5,"column":45}},"loc":{"start":{"line":5,"column":63},"end":{"line":11,"column":1}},"line":5},"1":{"name":"mandrillSendTemplate","decl":{"start":{"line":13,"column":9},"end":{"line":13,"column":29}},"loc":{"start":{"line":13,"column":53},"end":{"line":38,"column":1}},"line":13},"2":{"name":"(anonymous_2)","decl":{"start":{"line":26,"column":59},"end":{"line":26,"column":60}},"loc":{"start":{"line":26,"column":76},"end":{"line":33,"column":5}},"line":26},"3":{"name":"(anonymous_3)","decl":{"start":{"line":33,"column":7},"end":{"line":33,"column":8}},"loc":{"start":{"line":33,"column":23},"end":{"line":37,"column":5}},"line":33}},"branchMap":{"0":{"loc":{"start":{"line":27,"column":8},"end":{"line":32,"column":9}},"type":"if","locations":[{"start":{"line":27,"column":8},"end":{"line":32,"column":9}},{"start":{"line":27,"column":8},"end":{"line":32,"column":9}}],"line":27}},"s":{"0":1,"1":1,"2":1,"3":1,"4":0,"5":0,"6":0,"7":0,"8":0,"9":0,"10":0,"11":0,"12":0,"13":0,"14":0,"15":0,"16":0,"17":0,"18":0},"f":{"0":0,"1":0,"2":0,"3":0},"b":{"0":[0,0]},"_coverageSchema":"d34fc3e6b8297bcde183f5492bcb8fcb36775295","hash":"663f4ca11ed57ae3fbeac37bf5ac1bb2b2ec8c86","contentHash":"4e37d9e6e85c2df9cfc7ec13b11e9b00"},"D:\\Project\\WOB_local\\workonblockchain.com\\server\\controller\\api\\users\\auth\\changePassword.controller.js":{"path":"D:\\Project\\WOB_local\\workonblockchain.com\\server\\controller\\api\\users\\auth\\changePassword.controller.js","statementMap":{"0":{"start":{"line":1,"column":17},"end":{"line":1,"column":48}},"1":{"start":{"line":2,"column":8},"end":{"line":2,"column":25}},"2":{"start":{"line":3,"column":13},"end":{"line":3,"column":32}},"3":{"start":{"line":4,"column":8},"end":{"line":4,"column":20}},"4":{"start":{"line":5,"column":12},"end":{"line":5,"column":32}},"5":{"start":{"line":6,"column":14},"end":{"line":6,"column":48}},"6":{"start":{"line":7,"column":15},"end":{"line":7,"column":50}},"7":{"start":{"line":8,"column":13},"end":{"line":8,"column":30}},"8":{"start":{"line":10,"column":0},"end":{"line":29,"column":1}},"9":{"start":{"line":12,"column":17},"end":{"line":12,"column":34}},"10":{"start":{"line":13,"column":4},"end":{"line":27,"column":11}},"11":{"start":{"line":15,"column":8},"end":{"line":22,"column":9}},"12":{"start":{"line":17,"column":12},"end":{"line":17,"column":27}},"13":{"start":{"line":21,"column":12},"end":{"line":21,"column":26}},"14":{"start":{"line":26,"column":12},"end":{"line":26,"column":35}},"15":{"start":{"line":33,"column":19},"end":{"line":33,"column":28}},"16":{"start":{"line":35,"column":4},"end":{"line":63,"column":7}},"17":{"start":{"line":38,"column":8},"end":{"line":41,"column":9}},"18":{"start":{"line":39,"column":12},"end":{"line":39,"column":58}},"19":{"start":{"line":40,"column":12},"end":{"line":40,"column":59}},"20":{"start":{"line":42,"column":8},"end":{"line":60,"column":9}},"21":{"start":{"line":44,"column":20},"end":{"line":44,"column":58}},"22":{"start":{"line":45,"column":9},"end":{"line":45,"column":45}},"23":{"start":{"line":46,"column":37},"end":{"line":46,"column":55}},"24":{"start":{"line":48,"column":9},"end":{"line":55,"column":10}},"25":{"start":{"line":50,"column":10},"end":{"line":50,"column":35}},"26":{"start":{"line":54,"column":10},"end":{"line":54,"column":59}},"27":{"start":{"line":59,"column":12},"end":{"line":59,"co
[...]
column":47},"end":{"line":196,"column":48}},"loc":{"start":{"line":196,"column":57},"end":{"line":196,"column":76}},"line":196},"15":{"name":"(anonymous_15)","decl":{"start":{"line":209,"column":40},"end":{"line":209,"column":41}},"loc":{"start":{"line":210,"column":17},"end":{"line":232,"column":18}},"line":210},"16":{"name":"(anonymous_16)","decl":{"start":{"line":223,"column":42},"end":{"line":223,"column":43}},"loc":{"start":{"line":224,"column":25},"end":{"line":228,"column":26}},"line":224}},"branchMap":{"0":{"loc":{"start":{"line":32,"column":8},"end":{"line":39,"column":9}},"type":"if","locations":[{"start":{"line":32,"column":8},"end":{"line":39,"column":9}},{"start":{"line":32,"column":8},"end":{"line":39,"column":9}}],"line":32},"1":{"loc":{"start":{"line":49,"column":5},"end":{"line":51,"column":6}},"type":"if","locations":[{"start":{"line":49,"column":5},"end":{"line":51,"column":6}},{"start":{"line":49,"column":5},"end":{"line":51,"column":6}}],"line":49},"2":{"loc":{"start":{"line":63,"column":4},"end":{"line":76,"column":5}},"type":"if","locations":[{"start":{"line":63,"column":4},"end":{"line":76,"column":5}},{"start":{"line":63,"column":4},"end":{"line":76,"column":5}}],"line":63},"3":{"loc":{"start":{"line":67,"column":8},"end":{"line":74,"column":9}},"type":"if","locations":[{"start":{"line":67,"column":8},"end":{"line":74,"column":9}},{"start":{"line":67,"column":8},"end":{"line":74,"column":9}}],"line":67},"4":{"loc":{"start":{"line":77,"column":4},"end":{"line":80,"column":5}},"type":"if","locations":[{"start":{"line":77,"column":4},"end":{"line":80,"column":5}},{"start":{"line":77,"column":4},"end":{"line":80,"column":5}}],"line":77},"5":{"loc":{"start":{"line":82,"column":4},"end":{"line":239,"column":5}},"type":"if","locations":[{"start":{"line":82,"column":4},"end":{"line":239,"column":5}},{"start":{"line":82,"column":4},"end":{"line":239,"column":5}}],"line":82},"6":{"loc":{"start":{"line":88,"column":8},"end":{"line":92,"column":9}},"type":"if","locations":[{"start":{"line":88,"column":8},"end":{"line":92,"column":9}},{"start":{"line":88,"column":8},"end":{"line":92,"column":9}}],"line":88},"7":{"loc":{"start":{"line":93,"column":8},"end":{"line":174,"column":20}},"type":"if","locations":[{"start":{"line":93,"column":8},"end":{"line":174,"column":20}},{"start":{"line":93,"column":8},"end":{"line":174,"column":20}}],"line":93},"8":{"loc":{"start":{"line":102,"column":13},"end":{"line":107,"column":24}},"type":"if","locations":[{"start":{"line":102,"column":13},"end":{"line":107,"column":24}},{"start":{"line":102,"column":13},"end":{"line":107,"column":24}}],"line":102},"9":{"loc":{"start":{"line":108,"column":23},"end":{"line":114,"column":24}},"type":"if","locations":[{"start":{"line":108,"column":23},"end":{"line":114,"column":24}},{"start":{"line":108,"column":23},"end":{"line":114,"column":24}}],"line":108},"10":{"loc":{"start":{"line":117,"column":23},"end":{"line":121,"column":24}},"type":"if","locations":[{"start":{"line":117,"column":23},"end":{"line":121,"column":24}},{"start":{"line":117,"column":23},"end":{"line":121,"column":24}}],"line":117},"11":{"loc":{"start":{"line":124,"column":23},"end":{"line":167,"column":24}},"type":"if","locations":[{"start":{"line":124,"column":23},"end":{"line":167,"column":24}},{"start":{"line":124,"column":23},"end":{"line":167,"column":24}}],"line":124},"12":{"loc":{"start":{"line":142,"column":28},"end":{"line":145,"column":29}},"type":"if","locations":[{"start":{"line":142,"column":28},"end":{"line":145,"column":29}},{"start":{"line":142,"column":28},"end":{"line":145,"column":29}}],"line":142},"13":{"loc":{"start":{"line":146,"column":28},"end":{"line":150,"column":29}},"type":"if","locations":[{"start":{"line":146,"column":28},"end":{"line":150,"column":29}},{"start":{"line":146,"column":28},"end":{"line":150,"column":29}}],"line":146},"14":{"loc":{"start":{"line":151,"column":28},"end":{"line":161,"column":29}},"type":"if","locations":[{"start":{"line":151,"column":28},"end":{"line":161,"column":29}},{"start":{"line":151,"column":28},"end":{"line":161,"column":29}}],"line":151},"15":{"loc":{"start":{"line":182,"column":5},"end":{"line":187,"column":12}},"type":"if","locations":[{"start":{"line":182,"column":5},"end":{"line":187,"column":12}},{"start":{"line":182,"column":5},"end":{"line":187,"column":12}}],"line":182},"16":{"loc":{"start":{"line":188,"column":11},"end":{"line":192,"column":12}},"type":"if","locations":[{"start":{"line":188,"column":11},"end":{"line":192,"column":12}},{"start":{"line":188,"column":11},"end":{"line":192,"column":12}}],"line":188},"17":{"loc":{"start":{"line":194,"column":11},"end":{"line":237,"column":15}},"type":"if","locations":[{"start":{"line":194,"column":11},"end":{"line":237,"column":15}},{"start":{"line":194,"column":11},"end":{"line":237,"column":15}}],"line":194},"18":{"loc":{"start":{"line":212,"column":19},"end":{"line":215,"column":20}},"type":"if","locations":[{"start":{"line":212,"column":19},"end":{"line":215,"column":20}},{"start":{"line":212,"column":19},"end":{"line":215,"column":20}}],"line":212},"19":{"loc":{"start":{"line":216,"column":19},"end":{"line":220,"column":20}},"type":"if","locations":[{"start":{"line":216,"column":19},"end":{"line":220,"column":20}},{"start":{"line":216,"column":19},"end":{"line":220,"column":20}}],"line":216},"20":{"loc":{"start":{"line":221,"column":19},"end":{"line":231,"column":20}},"type":"if","locations":[{"start":{"line":221,"column":19},"end":{"line":231,"column":20}},{"start":{"line":221,"column":19},"end":{"line":231,"column":20}}],"line":221}},"s":{"0":1,"1":1,"2":1,"3":1,"4":1,"5":1,"6":1,"7":1,"8":1,"9":1,"10":1,"11":1,"12":1,"13":1,"14":1,"15":1,"16":1,"17":1,"18":1,"19":1,"20":1,"21":1,"22":1,"23":1,"24":0,"25":1,"26":0,"27":0,"28":0,"29":0,"30":0,"31":0,"32":1,"33":1,"34":1,"35":1,"36":1,"37":1,"38":1,"39":1,"40":1,"41":1,"42":0,"43":0,"44":0,"45":1,"46":0,"47":1,"48":1,"49":1,"50":1,"51":0,"52":0,"53":1,"54":1,"55":1,"56":1,"57":1,"58":1,"59":1,"60":1,"61":1,"62":1,"63":1,"64":1,"65":1,"66":1,"67":1,"68":1,"69":3,"70":1,"71":1,"72":1,"73":0,"74":1,"75":0,"76":1,"77":1,"78":1,"79":1,"80":1,"81":1,"82":0,"83":0,"84":0,"85":0,"86":0,"87":0,"88":0,"89":0,"90":0,"91":0,"92":0,"93":0,"94":0,"95":0,"96":0,"97":0,"98":0,"99":0,"100":0,"101":0,"102":0,"103":0,"104":0,"105":0,"106":0,"107":1},"f":{"0":1,"1":1,"2":0,"3":0,"4":0,"5":1,"6":1,"7":1,"8":0,"9":1,"10":1,"11":3,"12":1,"13":1,"14":0,"15":0,"16":0},"b":{"0":[0,1],"1":[0,0],"2":[1,0],"3":[0,1],"4":[0,1],"5":[1,0],"6":[0,1],"7":[1,0],"8":[1,0],"9":[1,0],"10":[1,0],"11":[1,0],"12":[0,1],"13":[0,1],"14":[1,0],"15":[0,0],"16":[0,0],"17":[0,0],"18":[0,0],"19":[0,0],"20":[0,0]},"_coverageSchema":"d34fc3e6b8297bcde183f5492bcb8fcb36775295","hash":"53a0553e7175d042e1b349cf2133056c0e746d8b","contentHash":"1a6426508364404373ec15c59c626449"},"D:\\Project\\WOB_local\\workonblockchain.com\\server\\controller\\api\\pages\\getContent.controller.js":{"path":"D:\\Project\\WOB_local\\workonblockchain.com\\server\\controller\\api\\pages\\getContent.controller.js","statementMap":{"0":{"start":{"line":1,"column":17},"end":{"line":1,"column":45}},"1":{"start":{"line":2,"column":8},"end":{"line":2,"column":25}},"2":{"start":{"line":3,"column":10},"end":{"line":3,"column":33}},"3":{"start":{"line":4,"column":11},"end":{"line":4,"column":35}},"4":{"start":{"line":5,"column":13},"end":{"line":5,"column":32}},"5":{"start":{"line":6,"column":8},"end":{"line":6,"column":20}},"6":{"start":{"line":7,"column":12},"end":{"line":7,"column":32}},"7":{"start":{"line":8,"column":14},"end":{"line":8,"column":45}},"8":{"start":{"line":9,"column":25},"end":{"line":9,"column":68}},"9":{"start":{"line":10,"column":14},"end":{"line":10,"column":53}},"10":{"start":{"line":11,"column":13},"end":{"line":11,"column":30}},"11":{"start":{"line":12,"column":15},"end":{"line":12,"column":36}},"12":{"start":{"line":13,"column":24},"end":{"line":13,"column":66}},"13":{"start":{"line":14,"column":13},"end":{"line":14,"column":43}},"14":{"start":{"line":16,"column":28},"end":{"line":16,"column":81}},"15":{"start":{"line":17,"column":25},"end":{"line":17,"column":75}},"16":{"start":{"line":18,"column":23},"end":{"line":18,"column":71}},"17":{"start":{"line":19,"column":26},"end":{"line":19,"column":77}},"18":{"start":{"line":20,"column":25},"end":{"line":20,"column":78}},"19":{"start":{"line":22,"column":12},"end":{"line":22,"column":39}},"20":{"start":{"line":23,"column":12},"end":{"line":23,"column":39}},"21":{"start":{"line":24,"column":13},"end":{"line":24,"column":41}},"22":{"start":{"line":25,"column":15},"end":{"line":25,"column":47}},"23":{"start":{"line":26,"column":15},"end":{"line":26,"column":47}},"24":{"start":{"line":28,"column":0},"end":{"line":45,"column":1}},"25":{"start":{"line":30,"column":4},"end":{"line":44,"column":11}},"26":{"start":{"line":32,"column":8},"end":{"line":39,"column":9}},"27":{"start":{"line":34,"column":12},"end":{"line":34,"column":27}},"28":{"start":{"line":38,"column":12},"end":{"line":38,"column":26}},"29":{"start":{"line":43,"column":12},"end":{"line":43,"column":35}},"30":{"start":{"line":49,"column":19},"end":{"line":49,"column":28}},"31":{"start":{"line":50,"column":4},"end":{"line":61,"column":7}},"32":{"start":{"line":53,"column":8},"end":{"line":60,"column":9}},"33":{"start":{"line":54,"column":12},"end":{"line":54,"column":58}},"34":{"start":{"line":55,"column":12},"end":{"line":55,"column":59}},"35":{"start":{"line":59,"column":12},"end":{"line":59,"column":37}},"36":{"start":{"line":62,"column":4},"end":{"line":62,"column":28}}},"fnMap":{"0":{"name":"(anonymous_0)","decl":{"start":{"line":28,"column":17},"end":{"line":28,"column":18}},"loc":{"start":{"line":29,"column":0},"end":{"line":45,"column":1}},"line":29},"1":{"name":"(anonymous_1)","decl":{"start":{"line":30,"column":39},"end":{"line":30,"column":40}},"loc":{"start":{"line":31,"column":4},"end":{"line":40,"column":5}},"line":31},"2":{"name":"(anonymous_2)","decl":{"start":{"line":41,"column":15},"end":{"line":41,"column":16}},"loc":{"start":{"line":42,"column":8},"end":{"line":44,"column":9}},"line":42},"3":{"name":"get_content","decl":{"start":{"line":47,"column":9},"end":{"line":47,"column":20}},"loc":{"start":{"line":48,"column":0},"end":{"line":63,"column":1}},"line":48},"4":{"name":"(anonymous_4)","decl":{"start":{"line":50,"column":40},"end":{"line":50,"column":41}},"loc":{"start":{"line":51,"column":4},"end":{"line":61,"column":5}},"line":51}},"branchMap":{"0":{"loc":{"start":{"line":32,"column":8},"end":{"line":39,"column":9}},"type":"if","locations":[{"start":{"line":32,"column":8},"end":{"line":39,"column":9}},{"start":{"line":32,"column":8},"end":{"line":39,"column":9}}],"line":32},"1":{"loc":{"start":{"line":53,"column":8},"end":{"line":60,"column":9}},"type":"if","locations":[{"start":{"line":53,"column":8},"end":{"line":60,"column":9}},{"start":{"line":53,"column":8},"end":{"line":60,"column":9}}],"line":53}},"s":{"0":1,"1":1,"2":1,"3":1,"4":1,"5":1,"6":1,"7":1,"8":1,"9":1,"10":1,"11":1,"12":1,"13":1,"14":1,"15":1,"16":1,"17":1,"18":1,"19":1,"20":1,"21":1,"22":1,"23":1,"24":1,"25":1,"26":1,"27":0,"28":1,"29":0,"30":1,"31":1,"32":1,"33":0,"34":0,"35":1,"36":1},"f":{"0":1,"1":1,"2":0,"3":1,"4":1},"b":{"0":[0,1],"1":[0,1]},"_coverageSchema":"d34fc3e6b8297bcde183f5492bcb8fcb36775295","hash":"0db5f07fecfbe6be430bf354551d95df5298ec31","contentHash":"cc6cf0d6d135cbc96f4518df73c7dd52"},"D:\\Project\\WOB_local\\workonblockchain.com\\server\\cron.js":{"path":"D:\\Project\\WOB_local\\workonblockchain.com\\server\\cron.js","statementMap":{"0":{"start":{"line":1,"column":17},"end":{"line":1,"column":38}},"1":{"start":{"line":2,"column":27},"end":{"line":2,"column":91}},"2":{"start":{"line":3,"column":15},"end":{"line":3,"column":54}},"3":{"start":{"line":4,"column":13},"end":{"line":4,"column":28}},"4":{"start":{"line":6,"column":16},"end":{"line":6,"column":28}},"5":{"start":{"line":8,"column":0},"end":{"line":20,"column":1}},"6":{"start":{"line":9,"column":30},"end":{"line":16,"column":6}},"7":{"start":{"line":12,"column":12},"end":{"line":12,"column":33}},"8":{"start":{"line":17,"column":4},"end":{"line":17,"column":64}},"9":{"start":{"line":19,"column":4},"end":{"line":19,"column":37}}},"fnMap":{"0":{"name":"startCron","decl":{"start":{"line":8,"column":36},"end":{"line":8,"column":45}},"loc":{"start":{"line":8,"column":48},"end":{"line":20,"column":1}},"line":8},"1":{"name":"(anonymous_1)","decl":{"start":{"line":11,"column":16},"end":{"line":11,"column":17}},"loc":{"start":{"line":11,"column":27},"end":{"line":13,"column":9}},"line":11}},"branchMap":{},"s":{"0":1,"1":1,"2":1,"3":1,"4":1,"5":1,"6":1,"7":1,"8":1,"9":1},"f":{"0":1,"1":1},"b":{},"_coverageSchema":"d34fc3e6b8297bcde183f5492bcb8fcb36775295","hash":"f233205c6ee8d6f3ad4a4441234e2f77ae14b753","contentHash":"fbf9116c093eb7c835ee1f0f7518c459"},"D:\\Project\\WOB_local\\workonblockchain.com\\server\\controller\\services\\cron\\unreadChatMessagesReminder.js":{"path":"D:\\Project\\WOB_local\\workonblockchain.com\\server\\controller\\services\\cron\\unreadChatMessagesReminder.js","statementMap":{"0":{"start":{"line":1,"column":17},"end":{"line":1,"column":45}},"1":{"start":{"line":2,"column":8},"end":{"line":2,"column":20}},"2":{"start":{"line":3,"column":14},"end":{"line":3,"column":45}},"3":{"start":{"line":4,"column":25},"end":{"line":4,"column":68}},"4":{"start":{"line":5,"column":24},"end":{"line":5,"column":66}},"5":{"start":{"line":6,"column":13},"end":{"line":6,"column":43}},"6":{"start":{"line":8,"column":26},"end":{"line":8,"column":65}},"7":{"start":{"line":9,"column":15},"end":{"line":9,"column":35}},"8":{"start":{"line":11,"column":0},"end":{"line":23,"column":1}},"9":{"start":{"line":12,"column":4},"end":{"line":21,"column":5}},"10":{"start":{"line":13,"column":8},"end":{"line":17,"column":11}},"11":{"start":{"line":14,"column":12},"end":{"line":16,"column":13}},"12":{"start":{"line":15,"column":16},"end":{"line":15,"column":66}},"13":{"start":{"line":20,"column":8},"end":{"line":20,"column":58}},"14":{"start":{"line":22,"column":4},"end":{"line":22,"column":91}},"15":{"start":{"line":26,"column":19},"end":{"line":26,"column":28}},"16":{"start":{"line":27,"column":4},"end":{"line":68,"column":5}},"17":{"start":{"line":28,"column":8},"end":{"line":28,"column":44}},"18":{"start":{"line":30,"column":8},"end":{"line":66,"column":11}},"19":{"start":{"line":31,"column":12},"end":{"line":65,"column":13}},"20":{"start":{"line":32,"column":16},"end":{"line":32,"column":63}},"21":{"start":{"line":35,"column":16},"end":{"line":63,"column":17}},"22":{"start":{"line":37,"column":20},"end":{"line":62,"column":23}},"23":{"start":{"line":38,"column":24},"end":{"line":61,"column":25}},"24":{"start":{"line":39,"column":28},"end":{"line":60,"column":29}},"25":{"start":{"line":40,"column":32},"end":{"line":48,"column":35}},"26":{"start":{"line":41,"column":36},"end":{"line":44,"column":37}},"27":{"start":{"line":42,"column":40},"end":{"line":42,"column":86}},"28":{"start":{"line":43,"column":40},"end":{"line":43,"column":87}},"29":{"start":{"line":45,"column":36},"end":{"line":47,"column":37}},"30":{"start":{"line":46,"column":40},"end":{"line":46,"column":110}},"31":{"start":{"line":51,"column":32},"end":{"line":59,"column":35}},"32":{"start":{"line":52,"column":36},"end":{"line":55,"column":37}},"33":{"start":{"line":53,"column":40},"end":{"line":53,"column":86}},"34":{"start":{"line":54,"column":40},"end":{"line":54,"column":87}},"35":{"start":{"line":56,"column":36},"end":{"line":58,"column":37}},"36":{"start":{"line":57,"column":40},"end":{"line":57,"column":110}},"37":{"start":{"line":64,"column":16},"end":{"line":64,"column":41}},"38":{"start":{"line":67,"column":8},"end":{"line":67,"column":32}},"39":{"start":{"line":69,"column":4},"end":{"line":69,"column":38}},"40":{"start":{"line":70,"column":4},"end":{"line":70,"column":28}}},"fnMap":{"0":{"name":"(anonymous_0)","decl":{"start":{"line":11,"column":17},"end":{"line":11,"column":18}},"loc":{"start":{"line":11,"column":28},"end":{"line":23,"column":1}},"line":11},"1":{"name":"(anonymous_1)","decl":{"start":{"line":13,"column":31},"end":{"line":13,"column":32}},"loc":{"start":{"line":13,"column":47},"end":{"line":17,"column":9}},"line":13},"2":{"name":"get_unread_msgs","decl":{"start":{"line":25,"column":9},"end":{"line":25,"column":24}},"loc":{"start":{"line":25,"column":26},"end":{"line":71,"column":1}},"line":25},"3":{"name":"(anonymous_3)","decl":{"start":{"line":30,"column":51},"end":{"line":30,"column":52}},"loc":{"start":{"line":30,"column":73},"end":{"line":66,"column":9}},"line":30},"4":{"name":"(anonymous_4)","decl":{"start":{"line":37,"column":103},"end":{"line":37,"column":104}},"loc":{"start":{"line":37,"column":128},"end":{"line":62,"column":21}},"line":37},"5":{"name":"(anonymous_5)","decl":{"start":{"line":40,"column":99},"end":{"line":40,"column":100}},"loc":{"start":{"line":40,"column":125},"end":{"line":48,"column":33}},"line":40},"6":{"name":"(anonymous_6)","decl":{"start":{"line":51,"column":98},"end":{"line":51,"column":99}},"loc":{"start":{"line":51,"column":124},"end":{"line":59,"column":33}},"line":51}},"branchMap":{"0":{"loc":{"start":{"line":14,"column":12},"end":{"line":16,"column":13}},"type":"if","locations":[{"start":{"line":14,"column":12},"end":{"line":16,"column":13}},{"start":{"line":14,"column":12},"end":{"line":16,"column":13}}],"line":14},"1":{"loc":{"start":{"line":27,"column":4},"end":{"line":68,"column":5}},"type":"if","locations":[{"start":{"line":27,"column":4},"end":{"line":68,"column":5}},{"start":{"line":27,"column":4},"end":{"line":68,"column":5}}],"line":27},"2":{"loc":{"start":{"line":31,"column":12},"end":{"line":65,"column":13}},"type":"if","locations":[{"start":{"line":31,"column":12},"end":{"line":65,"column":13}},{"start":{"line":31,"column":12},"end":{"line":65,"column":13}}],"line":31},"3":{"loc":{"start":{"line":38,"column":24},"end":{"line":61,"column":25}},"type":"if","locations":[{"start":{"line":38,"column":24},"end":{"line":61,"column":25}},{"start":{"line":38,"column":24},"end":{"line":61,"column":25}}],"line":38},"4":{"loc":{"start":{"line":39,"column":28},"end":{"line":60,"column":29}},"type":"if","locations":[{"start":{"line":39,"column":28},"end":{"line":60,"column":29}},{"start":{"line":39,"column":28},"end":{"line":60,"column":29}}],"line":39},"5":{"loc":{"start":{"line":41,"column":36},"end":{"line":44,"column":37}},"type":"if","locations":[{"start":{"line":41,"column":36},"end":{"line":44,"column":37}},{"start":{"line":41,"column":36},"end":{"line":44,"column":37}}],"line":41},"6":{"loc":{"start":{"line":45,"column":36},"end":{"line":47,"column":37}},"type":"if","locations":[{"start":{"line":45,"column":36},"end":{"line":47,"column":37}},{"start":{"line":45,"column":36},"end":{"line":47,"column":37}}],"line":45},"7":{"loc":{"start":{"line":52,"column":36},"end":{"line":55,"column":37}},"type":"if","locations":[{"start":{"line":52,"column":36},"end":{"line":55,"column":37}},{"start":{"line":52,"column":36},"end":{"line":55,"column":37}}],"line":52},"8":{"loc":{"start":{"line":56,"column":36},"end":{"line":58,"column":37}},"type":"if","locations":[{"start":{"line":56,"column":36},"end":{"line":58,"column":37}},{"start":{"line":56,"column":36},"end":{"line":58,"column":37}}],"line":56}},"s":{"0":1,"1":1,"2":1,"3":1,"4":1,"5":1,"6":1,"7":1,"8":1,"9":1,"10":1,"11":0,"12":0,"13":0,"14":1,"15":1,"16":1,"17":0,"18":0,"19":0,"20":0,"21":0,"22":0,"23":0,"24":0,"25":0,"26":0,"27":0,"28":0,"29":0,"30":0,"31":0,"32":0,"33":0,"34":0,"35":0,"36":0,"37":0,"38":0,"39":1,"40":1},"f":{"0":1,"1":0,"2":1,"3":0,"4":0,"5":0,"6":0},"b":{"0":[0,0],"1":[0,1],"2":[0,0],"3":[0,0],"4":[0,0],"5":[0,0],"6":[0,0],"7":[0,0],"8":[0,0]},"_coverageSchema":"d34fc3e6b8297bcde183f5492bcb8fcb36775295","hash":"6e9880a8eff562581662cec9da76af6571b39b7d","contentHash":"3870a63c9ac7905dcc60830e2fa34824"}}